[0.054s] Invoking command in '/root/ros2_ws/build/samples01': CMAKE_PREFIX_PATH=/root/ros2_ws/install/dynamixel_sdk:/root/ros2_ws/install/sciurus17_vision:/root/ros2_ws/install/sciurus17_tools:/root/ros2_ws/install/sciurus17_moveit_config:/root/ros2_ws/install/sciurus17_gazebo:/root/ros2_ws/install/sciurus17_description:/root/ros2_ws/install/dynamixel_sdk_custom_interfaces LD_LIBRARY_PATH=/root/ros2_ws/install/rt_manipulators_cpp/lib:/root/ros2_ws/install/dynamixel_sdk/lib:/root/ros2_ws/install/lib:/root/ros2_ws/install/dynamixel_sdk_custom_interfaces/lib:/root/ros2_ws/src/DynamixelSDK/c++/build/win64:/opt/ros/humble/opt/rviz_ogre_vendor/lib:/opt/ros/humble/lib/x86_64-linux-gnu:/opt/ros/humble/lib /usr/bin/cmake --build /root/ros2_ws/build/samples01 -- -j12 -l12
[0.200s] [  3%] [32mBuilding CXX object CMakeFiles/x7_onoff.dir/src/x7_onoff.cpp.o[0m
[0.201s] [  7%] [32mBuilding CXX object CMakeFiles/s17_read_present_values.dir/src/s17_read_present_values.cpp.o[0m
[0.206s] [ 10%] [32mBuilding CXX object CMakeFiles/x7_read_position.dir/src/x7_read_position.cpp.o[0m
[0.207s] [ 14%] [32mBuilding CXX object CMakeFiles/s17_onoff.dir/src/s17_onoff.cpp.o[0m
[0.214s] [ 17%] [32mBuilding CXX object CMakeFiles/x7_thread.dir/src/x7_thread.cpp.o[0m
[0.225s] [ 21%] [32mBuilding CXX object CMakeFiles/x7_write_position.dir/src/x7_write_position.cpp.o[0m
[0.226s] [ 28%] [32mBuilding CXX object CMakeFiles/s17_read_position.dir/src/s17_read_position.cpp.o[0m
[0.226s] [ 28%] [32mBuilding CXX object CMakeFiles/x7_read_present_values.dir/src/x7_read_present_values.cpp.o[0m
[0.233s] [ 32%] [32mBuilding CXX object CMakeFiles/s17_thread.dir/src/s17_thread.cpp.o[0m
[0.243s] [ 35%] [32mBuilding CXX object CMakeFiles/s17_write_velocity.dir/src/s17_write_velocity.cpp.o[0m
[0.249s] [ 39%] [32mBuilding CXX object CMakeFiles/s17_write_position.dir/src/s17_write_position.cpp.o[0m
[0.251s] [ 42%] [32mBuilding CXX object CMakeFiles/x7_write_velocity.dir/src/x7_write_velocity.cpp.o[0m
[0.537s] In file included from [01m[K/root/ros2_ws/src/rt_manipulators_cpp/samples/samples01/../../rt_manipulators_lib/include/dynamixel_base.hpp:22[m[K,
[0.538s]                  from [01m[K/root/ros2_ws/src/rt_manipulators_cpp/samples/samples01/../../rt_manipulators_lib/include/joint.hpp:23[m[K,
[0.538s]                  from [01m[K/root/ros2_ws/src/rt_manipulators_cpp/samples/samples01/../../rt_manipulators_lib/include/hardware.hpp:25[m[K,
[0.538s]                  from [01m[K/root/ros2_ws/src/rt_manipulators_cpp/samples/samples01/src/s17_read_present_values.cpp:19[m[K:
[0.538s] [01m[K/root/ros2_ws/src/rt_manipulators_cpp/samples/samples01/../../rt_manipulators_lib/include/hardware_communicator.hpp:18:10:[m[K [01;31m[Kfatal error: [m[Kdynamixel_sdk.h: No such file or directory
[0.539s]    18 | #include [01;31m[K<dynamixel_sdk.h>[m[K
[0.539s]       |          [01;31m[K^~~~~~~~~~~~~~~~~[m[K
[0.539s] In file included from [01m[K/root/ros2_ws/src/rt_manipulators_cpp/samples/samples01/../../rt_manipulators_lib/include/dynamixel_base.hpp:22[m[K,
[0.539s]                  from [01m[K/root/ros2_ws/src/rt_manipulators_cpp/samples/samples01/../../rt_manipulators_lib/include/joint.hpp:23[m[K,
[0.539s]                  from [01m[K/root/ros2_ws/src/rt_manipulators_cpp/samples/samples01/../../rt_manipulators_lib/include/hardware.hpp:25[m[K,
[0.540s]                  from [01m[K/root/ros2_ws/src/rt_manipulators_cpp/samples/samples01/src/x7_read_present_values.cpp:19[m[K:
[0.540s] [01m[K/root/ros2_ws/src/rt_manipulators_cpp/samples/samples01/../../rt_manipulators_lib/include/hardware_communicator.hpp:18:10:[m[K [01;31m[Kfatal error: [m[Kdynamixel_sdk.h: No such file or directory
[0.540s]    18 | #include [01;31m[K<dynamixel_sdk.h>[m[K
[0.541s]       |          [01;31m[K^~~~~~~~~~~~~~~~~[m[K
[0.541s] compilation terminated.
[0.541s] compilation terminated.
[0.542s] In file included from [01m[K/root/ros2_ws/src/rt_manipulators_cpp/samples/samples01/../../rt_manipulators_lib/include/dynamixel_base.hpp:22[m[K,
[0.542s]                  from [01m[K/root/ros2_ws/src/rt_manipulators_cpp/samples/samples01/../../rt_manipulators_lib/include/joint.hpp:23[m[K,
[0.542s]                  from [01m[K/root/ros2_ws/src/rt_manipulators_cpp/samples/samples01/../../rt_manipulators_lib/include/hardware.hpp:25[m[K,
[0.543s]                  from [01m[K/root/ros2_ws/src/rt_manipulators_cpp/samples/samples01/src/s17_onoff.cpp:18[m[K:
[0.543s] [01m[K/root/ros2_ws/src/rt_manipulators_cpp/samples/samples01/../../rt_manipulators_lib/include/hardware_communicator.hpp:18:10:[m[K [01;31m[Kfatal error: [m[Kdynamixel_sdk.h: No such file or directory
[0.543s]    18 | #include [01;31m[K<dynamixel_sdk.h>[m[K
[0.543s]       |          [01;31m[K^~~~~~~~~~~~~~~~~[m[K
[0.544s] In file included from [01m[K/root/ros2_ws/src/rt_manipulators_cpp/samples/samples01/../../rt_manipulators_lib/include/dynamixel_base.hpp:22[m[K,
[0.544s]                  from [01m[K/root/ros2_ws/src/rt_manipulators_cpp/samples/samples01/../../rt_manipulators_lib/include/joint.hpp:23[m[K,
[0.545s]                  from [01m[K/root/ros2_ws/src/rt_manipulators_cpp/samples/samples01/../../rt_manipulators_lib/include/hardware.hpp:25[m[K,
[0.545s]                  from [01m[K/root/ros2_ws/src/rt_manipulators_cpp/samples/samples01/src/x7_read_position.cpp:19[m[K:
[0.546s] [01m[K/root/ros2_ws/src/rt_manipulators_cpp/samples/samples01/../../rt_manipulators_lib/include/hardware_communicator.hpp:18:10:[m[K [01;31m[Kfatal error: [m[Kdynamixel_sdk.h: No such file or directory
[0.546s]    18 | #include [01;31m[K<dynamixel_sdk.h>[m[K
[0.546s]       |          [01;31m[K^~~~~~~~~~~~~~~~~[m[K
[0.546s] compilation terminated.
[0.546s] compilation terminated.
[0.547s] In file included from [01m[K/root/ros2_ws/src/rt_manipulators_cpp/samples/samples01/../../rt_manipulators_lib/include/dynamixel_base.hpp:22[m[K,
[0.547s]                  from [01m[K/root/ros2_ws/src/rt_manipulators_cpp/samples/samples01/../../rt_manipulators_lib/include/joint.hpp:23[m[K,
[0.548s]                  from [01m[K/root/ros2_ws/src/rt_manipulators_cpp/samples/samples01/../../rt_manipulators_lib/include/hardware.hpp:25[m[K,
[0.549s]                  from [01m[K/root/ros2_ws/src/rt_manipulators_cpp/samples/samples01/src/s17_read_position.cpp:19[m[K:
[0.549s] [01m[K/root/ros2_ws/src/rt_manipulators_cpp/samples/samples01/../../rt_manipulators_lib/include/hardware_communicator.hpp:18:10:[m[K [01;31m[Kfatal error: [m[Kdynamixel_sdk.h: No such file or directory
[0.550s]    18 | #include [01;31m[K<dynamixel_sdk.h>[m[K
[0.550s]       |          [01;31m[K^~~~~~~~~~~~~~~~~[m[K
[0.550s] gmake[2]: *** [CMakeFiles/s17_read_present_values.dir/build.make:76: CMakeFiles/s17_read_present_values.dir/src/s17_read_present_values.cpp.o] Error 1
[0.551s] compilation terminated.
[0.551s] gmake[1]: *** [CMakeFiles/Makefile2:397: CMakeFiles/s17_read_present_values.dir/all] Error 2
[0.551s] gmake[1]: *** Waiting for unfinished jobs....
[0.551s] In file included from [01m[K/root/ros2_ws/src/rt_manipulators_cpp/samples/samples01/../../rt_manipulators_lib/include/dynamixel_base.hpp:22[m[K,
[0.552s]                  from [01m[K/root/ros2_ws/src/rt_manipulators_cpp/samples/samples01/../../rt_manipulators_lib/include/joint.hpp:23[m[K,
[0.552s]                  from [01m[K/root/ros2_ws/src/rt_manipulators_cpp/samples/samples01/../../rt_manipulators_lib/include/hardware.hpp:25[m[K,
[0.553s]                  from [01m[K/root/ros2_ws/src/rt_manipulators_cpp/samples/samples01/src/x7_write_position.cpp:20[m[K:
[0.554s] [01m[K/root/ros2_ws/src/rt_manipulators_cpp/samples/samples01/../../rt_manipulators_lib/include/hardware_communicator.hpp:18:10:[m[K [01;31m[Kfatal error: [m[Kdynamixel_sdk.h: No such file or directory
[0.554s]    18 | #include [01;31m[K<dynamixel_sdk.h>[m[K
[0.554s]       |          [01;31m[K^~~~~~~~~~~~~~~~~[m[K
[0.554s] compilation terminated.
[0.554s] In file included from [01m[K/root/ros2_ws/src/rt_manipulators_cpp/samples/samples01/../../rt_manipulators_lib/include/dynamixel_base.hpp:22[m[K,
[0.555s]                  from [01m[K/root/ros2_ws/src/rt_manipulators_cpp/samples/samples01/../../rt_manipulators_lib/include/joint.hpp:23[m[K,
[0.555s]                  from [01m[K/root/ros2_ws/src/rt_manipulators_cpp/samples/samples01/../../rt_manipulators_lib/include/hardware.hpp:25[m[K,
[0.555s]                  from [01m[K/root/ros2_ws/src/rt_manipulators_cpp/samples/samples01/src/x7_thread.cpp:20[m[K:
[0.556s] [01m[K/root/ros2_ws/src/rt_manipulators_cpp/samples/samples01/../../rt_manipulators_lib/include/hardware_communicator.hpp:18:10:[m[K [01;31m[Kfatal error: [m[Kdynamixel_sdk.h: No such file or directory
[0.556s]    18 | #include [01;31m[K<dynamixel_sdk.h>[m[K
[0.556s]       |          [01;31m[K^~~~~~~~~~~~~~~~~[m[K
[0.557s] compilation terminated.
[0.557s] gmake[2]: *** [CMakeFiles/s17_onoff.dir/build.make:76: CMakeFiles/s17_onoff.dir/src/s17_onoff.cpp.o] Error 1
[0.557s] gmake[1]: *** [CMakeFiles/Makefile2:189: CMakeFiles/s17_onoff.dir/all] Error 2
[0.558s] In file included from [01m[K/root/ros2_ws/src/rt_manipulators_cpp/samples/samples01/../../rt_manipulators_lib/include/dynamixel_base.hpp:22[m[K,
[0.558s]                  from [01m[K/root/ros2_ws/src/rt_manipulators_cpp/samples/samples01/../../rt_manipulators_lib/include/joint.hpp:23[m[K,
[0.558s]                  from [01m[K/root/ros2_ws/src/rt_manipulators_cpp/samples/samples01/../../rt_manipulators_lib/include/hardware.hpp:25[m[K,
[0.559s]                  from [01m[K/root/ros2_ws/src/rt_manipulators_cpp/samples/samples01/src/s17_write_velocity.cpp:20[m[K:
[0.559s] [01m[K/root/ros2_ws/src/rt_manipulators_cpp/samples/samples01/../../rt_manipulators_lib/include/hardware_communicator.hpp:18:10:[m[K [01;31m[Kfatal error: [m[Kdynamixel_sdk.h: No such file or directory
[0.559s]    18 | #include [01;31m[K<dynamixel_sdk.h>[m[K
[0.559s]       |          [01;31m[K^~~~~~~~~~~~~~~~~[m[K
[0.560s] compilation terminated.
[0.560s] gmake[2]: *** [CMakeFiles/x7_read_position.dir/build.make:76: CMakeFiles/x7_read_position.dir/src/x7_read_position.cpp.o] Error 1
[0.561s] gmake[1]: *** [CMakeFiles/Makefile2:215: CMakeFiles/x7_read_position.dir/all] Error 2
[0.561s] gmake[2]: *** [CMakeFiles/s17_read_position.dir/build.make:76: CMakeFiles/s17_read_position.dir/src/s17_read_position.cpp.o] Error 1
[0.561s] gmake[1]: *** [CMakeFiles/Makefile2:241: CMakeFiles/s17_read_position.dir/all] Error 2
[0.562s] In file included from [01m[K/root/ros2_ws/src/rt_manipulators_cpp/samples/samples01/../../rt_manipulators_lib/include/dynamixel_base.hpp:22[m[K,
[0.562s]                  from [01m[K/root/ros2_ws/src/rt_manipulators_cpp/samples/samples01/../../rt_manipulators_lib/include/joint.hpp:23[m[K,
[0.562s]                  from [01m[K/root/ros2_ws/src/rt_manipulators_cpp/samples/samples01/../../rt_manipulators_lib/include/hardware.hpp:25[m[K,
[0.562s]                  from [01m[K/root/ros2_ws/src/rt_manipulators_cpp/samples/samples01/src/s17_thread.cpp:20[m[K:
[0.563s] [01m[K/root/ros2_ws/src/rt_manipulators_cpp/samples/samples01/../../rt_manipulators_lib/include/hardware_communicator.hpp:18:10:[m[K [01;31m[Kfatal error: [m[Kdynamixel_sdk.h: No such file or directory
[0.563s]    18 | #include [01;31m[K<dynamixel_sdk.h>[m[K
[0.563s]       |          [01;31m[K^~~~~~~~~~~~~~~~~[m[K
[0.563s] compilation terminated.
[0.564s] gmake[2]: *** [CMakeFiles/x7_thread.dir/build.make:76: CMakeFiles/x7_thread.dir/src/x7_thread.cpp.o] Error 1
[0.564s] gmake[2]: *** [CMakeFiles/x7_write_position.dir/build.make:76: CMakeFiles/x7_write_position.dir/src/x7_write_position.cpp.o] Error 1
[0.564s] gmake[1]: *** [CMakeFiles/Makefile2:319: CMakeFiles/x7_thread.dir/all] Error 2
[0.564s] gmake[2]: *** [CMakeFiles/s17_write_velocity.dir/build.make:76: CMakeFiles/s17_write_velocity.dir/src/s17_write_velocity.cpp.o] Error 1
[0.565s] gmake[1]: *** [CMakeFiles/Makefile2:267: CMakeFiles/x7_write_position.dir/all] Error 2
[0.567s] gmake[1]: *** [CMakeFiles/Makefile2:449: CMakeFiles/s17_write_velocity.dir/all] Error 2
[0.568s] gmake[2]: *** [CMakeFiles/s17_thread.dir/build.make:76: CMakeFiles/s17_thread.dir/src/s17_thread.cpp.o] Error 1
[0.569s] In file included from [01m[K/root/ros2_ws/src/rt_manipulators_cpp/samples/samples01/../../rt_manipulators_lib/include/dynamixel_base.hpp:22[m[K,
[0.570s]                  from [01m[K/root/ros2_ws/src/rt_manipulators_cpp/samples/samples01/../../rt_manipulators_lib/include/joint.hpp:23[m[K,
[0.571s]                  from [01m[K/root/ros2_ws/src/rt_manipulators_cpp/samples/samples01/../../rt_manipulators_lib/include/hardware.hpp:25[m[K,
[0.571s]                  from [01m[K/root/ros2_ws/src/rt_manipulators_cpp/samples/samples01/src/x7_write_velocity.cpp:20[m[K:
[0.571s] [01m[K/root/ros2_ws/src/rt_manipulators_cpp/samples/samples01/../../rt_manipulators_lib/include/hardware_communicator.hpp:18:10:[m[K [01;31m[Kfatal error: [m[Kdynamixel_sdk.h: No such file or directory
[0.571s]    18 | #include [01;31m[K<dynamixel_sdk.h>[m[K
[0.571s]       |          [01;31m[K^~~~~~~~~~~~~~~~~[m[K
[0.572s] compilation terminated.
[0.572s] gmake[1]: *** [CMakeFiles/Makefile2:345: CMakeFiles/s17_thread.dir/all] Error 2
[0.572s] gmake[2]: *** [CMakeFiles/x7_read_present_values.dir/build.make:76: CMakeFiles/x7_read_present_values.dir/src/x7_read_present_values.cpp.o] Error 1
[0.572s] In file included from [01m[K/root/ros2_ws/src/rt_manipulators_cpp/samples/samples01/../../rt_manipulators_lib/include/dynamixel_base.hpp:22[m[K,
[0.572s]                  from [01m[K/root/ros2_ws/src/rt_manipulators_cpp/samples/samples01/../../rt_manipulators_lib/include/joint.hpp:23[m[K,
[0.573s]                  from [01m[K/root/ros2_ws/src/rt_manipulators_cpp/samples/samples01/../../rt_manipulators_lib/include/hardware.hpp:25[m[K,
[0.573s]                  from [01m[K/root/ros2_ws/src/rt_manipulators_cpp/samples/samples01/src/s17_write_position.cpp:20[m[K:
[0.573s] [01m[K/root/ros2_ws/src/rt_manipulators_cpp/samples/samples01/../../rt_manipulators_lib/include/hardware_communicator.hpp:18:10:[m[K [01;31m[Kfatal error: [m[Kdynamixel_sdk.h: No such file or directory
[0.573s]    18 | #include [01;31m[K<dynamixel_sdk.h>[m[K
[0.573s]       |          [01;31m[K^~~~~~~~~~~~~~~~~[m[K
[0.573s] compilation terminated.
[0.574s] gmake[1]: *** [CMakeFiles/Makefile2:371: CMakeFiles/x7_read_present_values.dir/all] Error 2
[0.574s] In file included from [01m[K/root/ros2_ws/src/rt_manipulators_cpp/samples/samples01/../../rt_manipulators_lib/include/dynamixel_base.hpp:22[m[K,
[0.574s]                  from [01m[K/root/ros2_ws/src/rt_manipulators_cpp/samples/samples01/../../rt_manipulators_lib/include/joint.hpp:23[m[K,
[0.574s]                  from [01m[K/root/ros2_ws/src/rt_manipulators_cpp/samples/samples01/../../rt_manipulators_lib/include/hardware.hpp:25[m[K,
[0.575s]                  from [01m[K/root/ros2_ws/src/rt_manipulators_cpp/samples/samples01/src/x7_onoff.cpp:18[m[K:
[0.575s] [01m[K/root/ros2_ws/src/rt_manipulators_cpp/samples/samples01/../../rt_manipulators_lib/include/hardware_communicator.hpp:18:10:[m[K [01;31m[Kfatal error: [m[Kdynamixel_sdk.h: No such file or directory
[0.575s]    18 | #include [01;31m[K<dynamixel_sdk.h>[m[K
[0.575s]       |          [01;31m[K^~~~~~~~~~~~~~~~~[m[K
[0.575s] compilation terminated.
[0.575s] gmake[2]: *** [CMakeFiles/x7_write_velocity.dir/build.make:76: CMakeFiles/x7_write_velocity.dir/src/x7_write_velocity.cpp.o] Error 1
[0.575s] gmake[1]: *** [CMakeFiles/Makefile2:423: CMakeFiles/x7_write_velocity.dir/all] Error 2
[0.576s] gmake[2]: *** [CMakeFiles/x7_onoff.dir/build.make:76: CMakeFiles/x7_onoff.dir/src/x7_onoff.cpp.o] Error 1
[0.576s] gmake[2]: *** [CMakeFiles/s17_write_position.dir/build.make:76: CMakeFiles/s17_write_position.dir/src/s17_write_position.cpp.o] Error 1
[0.576s] gmake[1]: *** [CMakeFiles/Makefile2:163: CMakeFiles/x7_onoff.dir/all] Error 2
[0.576s] gmake[1]: *** [CMakeFiles/Makefile2:293: CMakeFiles/s17_write_position.dir/all] Error 2
[0.576s] gmake: *** [Makefile:91: all] Error 2
[0.577s] Invoked command in '/root/ros2_ws/build/samples01' returned '2': CMAKE_PREFIX_PATH=/root/ros2_ws/install/dynamixel_sdk:/root/ros2_ws/install/sciurus17_vision:/root/ros2_ws/install/sciurus17_tools:/root/ros2_ws/install/sciurus17_moveit_config:/root/ros2_ws/install/sciurus17_gazebo:/root/ros2_ws/install/sciurus17_description:/root/ros2_ws/install/dynamixel_sdk_custom_interfaces LD_LIBRARY_PATH=/root/ros2_ws/install/rt_manipulators_cpp/lib:/root/ros2_ws/install/dynamixel_sdk/lib:/root/ros2_ws/install/lib:/root/ros2_ws/install/dynamixel_sdk_custom_interfaces/lib:/root/ros2_ws/src/DynamixelSDK/c++/build/win64:/opt/ros/humble/opt/rviz_ogre_vendor/lib:/opt/ros/humble/lib/x86_64-linux-gnu:/opt/ros/humble/lib /usr/bin/cmake --build /root/ros2_ws/build/samples01 -- -j12 -l12
