-- The C compiler identification is GNU 11.4.0
-- The CXX compiler identification is GNU 11.4.0
-- Detecting C compiler ABI info
-- Detecting C compiler ABI info - done
-- Check for working C compiler: /usr/bin/cc - skipped
-- Detecting C compile features
-- Detecting C compile features - done
-- Detecting CXX compiler ABI info
-- Detecting CXX compiler ABI info - done
-- Check for working CXX compiler: /usr/bin/c++ - skipped
-- Detecting CXX compile features
-- Detecting CXX compile features - done
-- Found rt_manipulators_cpp: 1.0.0 (/opt/ros/humble/share/rt_manipulators_cpp/cmake)
-- Found Python3: /usr/bin/python3 (found version "3.10.12") found components: Interpreter 
[0mx7_forward_kinematics[0m
[0ms17_forward_kinematics[0m
[0mx7_inverse_kinematics[0m
[0ms17_inverse_kinematics[0m
-- Configuring done
-- Generating done
-- Build files have been written to: /root/ros2_ws/build/samples02
[ 12%] [32mBuilding CXX object CMakeFiles/x7_inverse_kinematics.dir/src/x7_inverse_kinematics.cpp.o[0m
[ 25%] [32mBuilding CXX object CMakeFiles/s17_inverse_kinematics.dir/src/s17_inverse_kinematics.cpp.o[0m
[ 37%] [32mBuilding CXX object CMakeFiles/s17_forward_kinematics.dir/src/s17_forward_kinematics.cpp.o[0m
[ 50%] [32mBuilding CXX object CMakeFiles/x7_forward_kinematics.dir/src/x7_forward_kinematics.cpp.o[0m
[ 62%] [32m[1mLinking CXX executable /root/ros2_ws/src/rt_manipulators_cpp/samples/samples02/bin/x7_forward_kinematics[0m
/usr/bin/ld: cannot find -lrt_manipulators_cpp: No such file or directory
[ 75%] [32m[1mLinking CXX executable /root/ros2_ws/src/rt_manipulators_cpp/samples/samples02/bin/s17_forward_kinematics[0m
collect2: error: ld returned 1 exit status
/usr/bin/ld: cannot find -lrt_manipulators_cpp: No such file or directory
gmake[2]: *** [CMakeFiles/x7_forward_kinematics.dir/build.make:97: /root/ros2_ws/src/rt_manipulators_cpp/samples/samples02/bin/x7_forward_kinematics] Error 1
gmake[1]: *** [CMakeFiles/Makefile2:143: CMakeFiles/x7_forward_kinematics.dir/all] Error 2
gmake[1]: *** Waiting for unfinished jobs....
[ 87%] [32m[1mLinking CXX executable /root/ros2_ws/src/rt_manipulators_cpp/samples/samples02/bin/x7_inverse_kinematics[0m
collect2: error: ld returned 1 exit status
gmake[2]: *** [CMakeFiles/s17_forward_kinematics.dir/build.make:97: /root/ros2_ws/src/rt_manipulators_cpp/samples/samples02/bin/s17_forward_kinematics] Error 1
gmake[1]: *** [CMakeFiles/Makefile2:169: CMakeFiles/s17_forward_kinematics.dir/all] Error 2
/usr/bin/ld: cannot find -lrt_manipulators_cpp: No such file or directory
collect2: error: ld returned 1 exit status
gmake[2]: *** [CMakeFiles/x7_inverse_kinematics.dir/build.make:97: /root/ros2_ws/src/rt_manipulators_cpp/samples/samples02/bin/x7_inverse_kinematics] Error 1
gmake[1]: *** [CMakeFiles/Makefile2:195: CMakeFiles/x7_inverse_kinematics.dir/all] Error 2
[100%] [32m[1mLinking CXX executable /root/ros2_ws/src/rt_manipulators_cpp/samples/samples02/bin/s17_inverse_kinematics[0m
/usr/bin/ld: cannot find -lrt_manipulators_cpp: No such file or directory
collect2: error: ld returned 1 exit status
gmake[2]: *** [CMakeFiles/s17_inverse_kinematics.dir/build.make:97: /root/ros2_ws/src/rt_manipulators_cpp/samples/samples02/bin/s17_inverse_kinematics] Error 1
gmake[1]: *** [CMakeFiles/Makefile2:221: CMakeFiles/s17_inverse_kinematics.dir/all] Error 2
gmake: *** [Makefile:91: all] Error 2
