[0.045s] Invoking command in '/root/ros2_ws/build/samples02': CMAKE_PREFIX_PATH=/root/ros2_ws/install/dynamixel_sdk:/root/ros2_ws/install/sciurus17_vision:/root/ros2_ws/install/sciurus17_tools:/root/ros2_ws/install/sciurus17_moveit_config:/root/ros2_ws/install/sciurus17_gazebo:/root/ros2_ws/install/sciurus17_description:/root/ros2_ws/install/dynamixel_sdk_custom_interfaces LD_LIBRARY_PATH=/root/ros2_ws/install/rt_manipulators_cpp/lib:/root/ros2_ws/install/dynamixel_sdk/lib:/root/ros2_ws/install/lib:/root/ros2_ws/install/dynamixel_sdk_custom_interfaces/lib:/root/ros2_ws/src/DynamixelSDK/c++/build/win64:/opt/ros/humble/opt/rviz_ogre_vendor/lib:/opt/ros/humble/lib/x86_64-linux-gnu:/opt/ros/humble/lib /usr/bin/cmake /root/ros2_ws/src/rt_manipulators_cpp/samples/samples02 -DCMAKE_INSTALL_PREFIX=/root/ros2_ws/install/samples02
[0.126s] -- The C compiler identification is GNU 11.4.0
[0.200s] -- The CXX compiler identification is GNU 11.4.0
[0.210s] -- Detecting C compiler ABI info
[0.306s] -- Detecting C compiler ABI info - done
[0.318s] -- Check for working C compiler: /usr/bin/cc - skipped
[0.318s] -- Detecting C compile features
[0.319s] -- Detecting C compile features - done
[0.323s] -- Detecting CXX compiler ABI info
[0.434s] -- Detecting CXX compiler ABI info - done
[0.447s] -- Check for working CXX compiler: /usr/bin/c++ - skipped
[0.447s] -- Detecting CXX compile features
[0.447s] -- Detecting CXX compile features - done
[0.469s] -- Found rt_manipulators_cpp: 1.0.0 (/opt/ros/humble/share/rt_manipulators_cpp/cmake)
[0.714s] -- Found Python3: /usr/bin/python3 (found version "3.10.12") found components: Interpreter 
[0.832s] [0mx7_forward_kinematics[0m
[0.832s] [0ms17_forward_kinematics[0m
[0.832s] [0mx7_inverse_kinematics[0m
[0.832s] [0ms17_inverse_kinematics[0m
[0.833s] -- Configuring done
[0.845s] -- Generating done
[0.851s] -- Build files have been written to: /root/ros2_ws/build/samples02
[0.858s] Invoked command in '/root/ros2_ws/build/samples02' returned '0': CMAKE_PREFIX_PATH=/root/ros2_ws/install/dynamixel_sdk:/root/ros2_ws/install/sciurus17_vision:/root/ros2_ws/install/sciurus17_tools:/root/ros2_ws/install/sciurus17_moveit_config:/root/ros2_ws/install/sciurus17_gazebo:/root/ros2_ws/install/sciurus17_description:/root/ros2_ws/install/dynamixel_sdk_custom_interfaces LD_LIBRARY_PATH=/root/ros2_ws/install/rt_manipulators_cpp/lib:/root/ros2_ws/install/dynamixel_sdk/lib:/root/ros2_ws/install/lib:/root/ros2_ws/install/dynamixel_sdk_custom_interfaces/lib:/root/ros2_ws/src/DynamixelSDK/c++/build/win64:/opt/ros/humble/opt/rviz_ogre_vendor/lib:/opt/ros/humble/lib/x86_64-linux-gnu:/opt/ros/humble/lib /usr/bin/cmake /root/ros2_ws/src/rt_manipulators_cpp/samples/samples02 -DCMAKE_INSTALL_PREFIX=/root/ros2_ws/install/samples02
[0.862s] Invoking command in '/root/ros2_ws/build/samples02': CMAKE_PREFIX_PATH=/root/ros2_ws/install/dynamixel_sdk:/root/ros2_ws/install/sciurus17_vision:/root/ros2_ws/install/sciurus17_tools:/root/ros2_ws/install/sciurus17_moveit_config:/root/ros2_ws/install/sciurus17_gazebo:/root/ros2_ws/install/sciurus17_description:/root/ros2_ws/install/dynamixel_sdk_custom_interfaces LD_LIBRARY_PATH=/root/ros2_ws/install/rt_manipulators_cpp/lib:/root/ros2_ws/install/dynamixel_sdk/lib:/root/ros2_ws/install/lib:/root/ros2_ws/install/dynamixel_sdk_custom_interfaces/lib:/root/ros2_ws/src/DynamixelSDK/c++/build/win64:/opt/ros/humble/opt/rviz_ogre_vendor/lib:/opt/ros/humble/lib/x86_64-linux-gnu:/opt/ros/humble/lib /usr/bin/cmake --build /root/ros2_ws/build/samples02 -- -j12 -l12
[0.926s] [ 12%] [32mBuilding CXX object CMakeFiles/x7_inverse_kinematics.dir/src/x7_inverse_kinematics.cpp.o[0m
[0.930s] [ 25%] [32mBuilding CXX object CMakeFiles/s17_inverse_kinematics.dir/src/s17_inverse_kinematics.cpp.o[0m
[0.936s] [ 37%] [32mBuilding CXX object CMakeFiles/s17_forward_kinematics.dir/src/s17_forward_kinematics.cpp.o[0m
[0.938s] [ 50%] [32mBuilding CXX object CMakeFiles/x7_forward_kinematics.dir/src/x7_forward_kinematics.cpp.o[0m
[3.299s] [ 62%] [32m[1mLinking CXX executable /root/ros2_ws/src/rt_manipulators_cpp/samples/samples02/bin/x7_forward_kinematics[0m
[3.320s] /usr/bin/ld: cannot find -lrt_manipulators_cpp: No such file or directory
[3.331s] [ 75%] [32m[1mLinking CXX executable /root/ros2_ws/src/rt_manipulators_cpp/samples/samples02/bin/s17_forward_kinematics[0m
[3.349s] collect2: error: ld returned 1 exit status
[3.352s] /usr/bin/ld: cannot find -lrt_manipulators_cpp: No such file or directory
[3.352s] gmake[2]: *** [CMakeFiles/x7_forward_kinematics.dir/build.make:97: /root/ros2_ws/src/rt_manipulators_cpp/samples/samples02/bin/x7_forward_kinematics] Error 1
[3.353s] gmake[1]: *** [CMakeFiles/Makefile2:143: CMakeFiles/x7_forward_kinematics.dir/all] Error 2
[3.353s] gmake[1]: *** Waiting for unfinished jobs....
[3.365s] [ 87%] [32m[1mLinking CXX executable /root/ros2_ws/src/rt_manipulators_cpp/samples/samples02/bin/x7_inverse_kinematics[0m
[3.384s] collect2: error: ld returned 1 exit status
[3.387s] gmake[2]: *** [CMakeFiles/s17_forward_kinematics.dir/build.make:97: /root/ros2_ws/src/rt_manipulators_cpp/samples/samples02/bin/s17_forward_kinematics] Error 1
[3.387s] gmake[1]: *** [CMakeFiles/Makefile2:169: CMakeFiles/s17_forward_kinematics.dir/all] Error 2
[3.388s] /usr/bin/ld: cannot find -lrt_manipulators_cpp: No such file or directory
[3.416s] collect2: error: ld returned 1 exit status
[3.418s] gmake[2]: *** [CMakeFiles/x7_inverse_kinematics.dir/build.make:97: /root/ros2_ws/src/rt_manipulators_cpp/samples/samples02/bin/x7_inverse_kinematics] Error 1
[3.418s] gmake[1]: *** [CMakeFiles/Makefile2:195: CMakeFiles/x7_inverse_kinematics.dir/all] Error 2
[3.710s] [100%] [32m[1mLinking CXX executable /root/ros2_ws/src/rt_manipulators_cpp/samples/samples02/bin/s17_inverse_kinematics[0m
[3.738s] /usr/bin/ld: cannot find -lrt_manipulators_cpp: No such file or directory
[3.775s] collect2: error: ld returned 1 exit status
[3.777s] gmake[2]: *** [CMakeFiles/s17_inverse_kinematics.dir/build.make:97: /root/ros2_ws/src/rt_manipulators_cpp/samples/samples02/bin/s17_inverse_kinematics] Error 1
[3.777s] gmake[1]: *** [CMakeFiles/Makefile2:221: CMakeFiles/s17_inverse_kinematics.dir/all] Error 2
[3.778s] gmake: *** [Makefile:91: all] Error 2
