-- The C compiler identification is GNU 11.4.0
-- The CXX compiler identification is GNU 11.4.0
-- Detecting C compiler ABI info
-- Detecting C compiler ABI info - done
-- Check for working C compiler: /usr/bin/cc - skipped
-- Detecting C compile features
-- Detecting C compile features - done
-- Detecting CXX compiler ABI info
-- Detecting CXX compiler ABI info - done
-- Check for working CXX compiler: /usr/bin/c++ - skipped
-- Detecting CXX compile features
-- Detecting CXX compile features - done
-- Found rt_manipulators_cpp: 1.0.0 (/opt/ros/humble/share/rt_manipulators_cpp/cmake)
-- Found Python3: /usr/bin/python3 (found version "3.10.12") found components: Interpreter 
[0mx7_3dof_inverse_kinematics[0m
[0ms17_3dof_inverse_kinematics[0m
[0mx7_gravity_compensation[0m
[0ms17_gravity_compensation[0m
-- Configuring done
-- Generating done
-- Build files have been written to: /root/ros2_ws/build/samples03
[  6%] [32mBuilding CXX object CMakeFiles/x7_gravity_compensation.dir/src/x7_gravity_compensation.cpp.o[0m
[ 12%] [32mBuilding CXX object CMakeFiles/x7_gravity_compensation.dir/src/rt_manipulators_ik.cpp.o[0m
[ 18%] [32mBuilding CXX object CMakeFiles/s17_3dof_inverse_kinematics.dir/src/rt_manipulators_ik.cpp.o[0m
[ 25%] [32mBuilding CXX object CMakeFiles/s17_3dof_inverse_kinematics.dir/src/s17_3dof_inverse_kinematics.cpp.o[0m
[ 31%] [32mBuilding CXX object CMakeFiles/x7_3dof_inverse_kinematics.dir/src/x7_3dof_inverse_kinematics.cpp.o[0m
[ 37%] [32mBuilding CXX object CMakeFiles/s17_3dof_inverse_kinematics.dir/src/rt_manipulators_dynamics.cpp.o[0m
[ 43%] [32mBuilding CXX object CMakeFiles/x7_gravity_compensation.dir/src/rt_manipulators_dynamics.cpp.o[0m
[ 50%] [32mBuilding CXX object CMakeFiles/x7_3dof_inverse_kinematics.dir/src/rt_manipulators_dynamics.cpp.o[0m
[ 56%] [32mBuilding CXX object CMakeFiles/s17_gravity_compensation.dir/src/s17_gravity_compensation.cpp.o[0m
[ 62%] [32mBuilding CXX object CMakeFiles/x7_3dof_inverse_kinematics.dir/src/rt_manipulators_ik.cpp.o[0m
[ 75%] [32mBuilding CXX object CMakeFiles/s17_gravity_compensation.dir/src/rt_manipulators_ik.cpp.o[0m
[ 75%] [32mBuilding CXX object CMakeFiles/s17_gravity_compensation.dir/src/rt_manipulators_dynamics.cpp.o[0m
[01m[K/root/ros2_ws/src/rt_manipulators_cpp/samples/samples03/src/rt_manipulators_ik.cpp:16:10:[m[K [01;31m[Kfatal error: [m[Krt_manipulators_ik.hpp: No such file or directory
   16 | #include [01;31m[K"rt_manipulators_ik.hpp"[m[K
      |          [01;31m[K^~~~~~~~~~~~~~~~~~~~~~~~[m[K
compilation terminated.
gmake[2]: *** [CMakeFiles/s17_3dof_inverse_kinematics.dir/build.make:90: CMakeFiles/s17_3dof_inverse_kinematics.dir/src/rt_manipulators_ik.cpp.o] Error 1
gmake[2]: *** Waiting for unfinished jobs....
[01m[K/root/ros2_ws/src/rt_manipulators_cpp/samples/samples03/src/rt_manipulators_ik.cpp:16:10:[m[K [01;31m[Kfatal error: [m[Krt_manipulators_ik.hpp: No such file or directory
   16 | #include [01;31m[K"rt_manipulators_ik.hpp"[m[K
      |          [01;31m[K^~~~~~~~~~~~~~~~~~~~~~~~[m[K
compilation terminated.
gmake[2]: *** [CMakeFiles/x7_gravity_compensation.dir/build.make:90: CMakeFiles/x7_gravity_compensation.dir/src/rt_manipulators_ik.cpp.o] Error 1
gmake[2]: *** Waiting for unfinished jobs....
In file included from [01m[K/root/ros2_ws/src/rt_manipulators_cpp/samples/samples03/../../rt_manipulators_lib/include/dynamixel_base.hpp:22[m[K,
                 from [01m[K/root/ros2_ws/src/rt_manipulators_cpp/samples/samples03/../../rt_manipulators_lib/include/joint.hpp:23[m[K,
                 from [01m[K/root/ros2_ws/src/rt_manipulators_cpp/samples/samples03/../../rt_manipulators_lib/include/hardware.hpp:25[m[K,
                 from [01m[K/root/ros2_ws/src/rt_manipulators_cpp/samples/samples03/src/x7_3dof_inverse_kinematics.cpp:19[m[K:
[01m[K/root/ros2_ws/src/rt_manipulators_cpp/samples/samples03/../../rt_manipulators_lib/include/hardware_communicator.hpp:18:10:[m[K [01;31m[Kfatal error: [m[Kdynamixel_sdk.h: No such file or directory
   18 | #include [01;31m[K<dynamixel_sdk.h>[m[K
      |          [01;31m[K^~~~~~~~~~~~~~~~~[m[K
compilation terminated.
gmake[2]: *** [CMakeFiles/x7_3dof_inverse_kinematics.dir/build.make:76: CMakeFiles/x7_3dof_inverse_kinematics.dir/src/x7_3dof_inverse_kinematics.cpp.o] Error 1
gmake[2]: *** Waiting for unfinished jobs....
[01m[K/root/ros2_ws/src/rt_manipulators_cpp/samples/samples03/src/rt_manipulators_dynamics.cpp:16:10:[m[K [01;31m[Kfatal error: [m[Krt_manipulators_dynamics.hpp: No such file or directory
   16 | #include [01;31m[K"rt_manipulators_dynamics.hpp"[m[K
      |          [01;31m[K^~~~~~~~~~~~~~~~~~~~~~~~~~~~~~[m[K
compilation terminated.
gmake[2]: *** [CMakeFiles/s17_3dof_inverse_kinematics.dir/build.make:104: CMakeFiles/s17_3dof_inverse_kinematics.dir/src/rt_manipulators_dynamics.cpp.o] Error 1
[01m[K/root/ros2_ws/src/rt_manipulators_cpp/samples/samples03/src/rt_manipulators_dynamics.cpp:16:10:[m[K [01;31m[Kfatal error: [m[Krt_manipulators_dynamics.hpp: No such file or directory
   16 | #include [01;31m[K"rt_manipulators_dynamics.hpp"[m[K
      |          [01;31m[K^~~~~~~~~~~~~~~~~~~~~~~~~~~~~~[m[K
[01m[K/root/ros2_ws/src/rt_manipulators_cpp/samples/samples03/src/x7_gravity_compensation.cpp:26:10:[m[K [01;31m[Kfatal error: [m[Krt_manipulators_cpp/hardware.hpp: No such file or directory
   26 | #include [01;31m[K"rt_manipulators_cpp/hardware.hpp"[m[K
      |          [01;31m[K^~~~~~~~~~~~~~~~~~~~~~~~~~~~~~~~~~[m[K
compilation terminated.
gmake[2]: *** [CMakeFiles/x7_gravity_compensation.dir/build.make:76: CMakeFiles/x7_gravity_compensation.dir/src/x7_gravity_compensation.cpp.o] Error 1
compilation terminated.
gmake[2]: *** [CMakeFiles/x7_3dof_inverse_kinematics.dir/build.make:104: CMakeFiles/x7_3dof_inverse_kinematics.dir/src/rt_manipulators_dynamics.cpp.o] Error 1
In file included from [01m[K/root/ros2_ws/src/rt_manipulators_cpp/samples/samples03/../../rt_manipulators_lib/include/dynamixel_base.hpp:22[m[K,
                 from [01m[K/root/ros2_ws/src/rt_manipulators_cpp/samples/samples03/../../rt_manipulators_lib/include/joint.hpp:23[m[K,
                 from [01m[K/root/ros2_ws/src/rt_manipulators_cpp/samples/samples03/../../rt_manipulators_lib/include/hardware.hpp:25[m[K,
                 from [01m[K/root/ros2_ws/src/rt_manipulators_cpp/samples/samples03/src/s17_3dof_inverse_kinematics.cpp:19[m[K:
[01m[K/root/ros2_ws/src/rt_manipulators_cpp/samples/samples03/../../rt_manipulators_lib/include/hardware_communicator.hpp:18:10:[m[K [01;31m[Kfatal error: [m[Kdynamixel_sdk.h: No such file or directory
   18 | #include [01;31m[K<dynamixel_sdk.h>[m[K
      |          [01;31m[K^~~~~~~~~~~~~~~~~[m[K
compilation terminated.
gmake[2]: *** [CMakeFiles/s17_3dof_inverse_kinematics.dir/build.make:76: CMakeFiles/s17_3dof_inverse_kinematics.dir/src/s17_3dof_inverse_kinematics.cpp.o] Error 1
gmake[1]: *** [CMakeFiles/Makefile2:169: CMakeFiles/s17_3dof_inverse_kinematics.dir/all] Error 2
gmake[1]: *** Waiting for unfinished jobs....
[01m[K/root/ros2_ws/src/rt_manipulators_cpp/samples/samples03/src/rt_manipulators_dynamics.cpp:16:10:[m[K [01;31m[Kfatal error: [m[Krt_manipulators_dynamics.hpp: No such file or directory
   16 | #include [01;31m[K"rt_manipulators_dynamics.hpp"[m[K
      |          [01;31m[K^~~~~~~~~~~~~~~~~~~~~~~~~~~~~~[m[K
compilation terminated.
gmake[2]: *** [CMakeFiles/x7_gravity_compensation.dir/build.make:104: CMakeFiles/x7_gravity_compensation.dir/src/rt_manipulators_dynamics.cpp.o] Error 1
gmake[1]: *** [CMakeFiles/Makefile2:195: CMakeFiles/x7_gravity_compensation.dir/all] Error 2
[01m[K/root/ros2_ws/src/rt_manipulators_cpp/samples/samples03/src/rt_manipulators_ik.cpp:16:10:[m[K [01;31m[Kfatal error: [m[Krt_manipulators_ik.hpp: No such file or directory
   16 | #include [01;31m[K"rt_manipulators_ik.hpp"[m[K
      |          [01;31m[K^~~~~~~~~~~~~~~~~~~~~~~~[m[K
compilation terminated.
gmake[2]: *** [CMakeFiles/x7_3dof_inverse_kinematics.dir/build.make:90: CMakeFiles/x7_3dof_inverse_kinematics.dir/src/rt_manipulators_ik.cpp.o] Error 1
gmake[1]: *** [CMakeFiles/Makefile2:143: CMakeFiles/x7_3dof_inverse_kinematics.dir/all] Error 2
[01m[K/root/ros2_ws/src/rt_manipulators_cpp/samples/samples03/src/rt_manipulators_ik.cpp:16:10:[m[K [01;31m[Kfatal error: [m[Krt_manipulators_ik.hpp: No such file or directory
   16 | #include [01;31m[K"rt_manipulators_ik.hpp"[m[K
      |          [01;31m[K^~~~~~~~~~~~~~~~~~~~~~~~[m[K
compilation terminated.
[01m[K/root/ros2_ws/src/rt_manipulators_cpp/samples/samples03/src/rt_manipulators_dynamics.cpp:16:10:[m[K [01;31m[Kfatal error: [m[Krt_manipulators_dynamics.hpp: No such file or directory
   16 | #include [01;31m[K"rt_manipulators_dynamics.hpp"[m[K
      |          [01;31m[K^~~~~~~~~~~~~~~~~~~~~~~~~~~~~~[m[K
compilation terminated.
gmake[2]: *** [CMakeFiles/s17_gravity_compensation.dir/build.make:90: CMakeFiles/s17_gravity_compensation.dir/src/rt_manipulators_ik.cpp.o] Error 1
gmake[2]: *** Waiting for unfinished jobs....
gmake[2]: *** [CMakeFiles/s17_gravity_compensation.dir/build.make:104: CMakeFiles/s17_gravity_compensation.dir/src/rt_manipulators_dynamics.cpp.o] Error 1
In file included from [01m[K/root/ros2_ws/src/rt_manipulators_cpp/samples/samples03/../../rt_manipulators_lib/include/dynamixel_base.hpp:22[m[K,
                 from [01m[K/root/ros2_ws/src/rt_manipulators_cpp/samples/samples03/../../rt_manipulators_lib/include/joint.hpp:23[m[K,
                 from [01m[K/root/ros2_ws/src/rt_manipulators_cpp/samples/samples03/../../rt_manipulators_lib/include/hardware.hpp:25[m[K,
                 from [01m[K/root/ros2_ws/src/rt_manipulators_cpp/samples/samples03/src/s17_gravity_compensation.cpp:26[m[K:
[01m[K/root/ros2_ws/src/rt_manipulators_cpp/samples/samples03/../../rt_manipulators_lib/include/hardware_communicator.hpp:18:10:[m[K [01;31m[Kfatal error: [m[Kdynamixel_sdk.h: No such file or directory
   18 | #include [01;31m[K<dynamixel_sdk.h>[m[K
      |          [01;31m[K^~~~~~~~~~~~~~~~~[m[K
compilation terminated.
gmake[2]: *** [CMakeFiles/s17_gravity_compensation.dir/build.make:76: CMakeFiles/s17_gravity_compensation.dir/src/s17_gravity_compensation.cpp.o] Error 1
gmake[1]: *** [CMakeFiles/Makefile2:221: CMakeFiles/s17_gravity_compensation.dir/all] Error 2
gmake: *** [Makefile:91: all] Error 2
