[0.040s] Invoking command in '/root/ros2_ws/build/samples03': CMAKE_PREFIX_PATH=/root/ros2_ws/install/dynamixel_sdk:/root/ros2_ws/install/sciurus17_vision:/root/ros2_ws/install/sciurus17_tools:/root/ros2_ws/install/sciurus17_moveit_config:/root/ros2_ws/install/sciurus17_gazebo:/root/ros2_ws/install/sciurus17_description:/root/ros2_ws/install/dynamixel_sdk_custom_interfaces LD_LIBRARY_PATH=/root/ros2_ws/install/rt_manipulators_cpp/lib:/root/ros2_ws/install/dynamixel_sdk/lib:/root/ros2_ws/install/lib:/root/ros2_ws/install/dynamixel_sdk_custom_interfaces/lib:/root/ros2_ws/src/DynamixelSDK/c++/build/win64:/opt/ros/humble/opt/rviz_ogre_vendor/lib:/opt/ros/humble/lib/x86_64-linux-gnu:/opt/ros/humble/lib /usr/bin/cmake /root/ros2_ws/src/rt_manipulators_cpp/samples/samples03 -DCMAKE_INSTALL_PREFIX=/root/ros2_ws/install/samples03
[0.127s] -- The C compiler identification is GNU 11.4.0
[0.203s] -- The CXX compiler identification is GNU 11.4.0
[0.214s] -- Detecting C compiler ABI info
[0.311s] -- Detecting C compiler ABI info - done
[0.320s] -- Check for working C compiler: /usr/bin/cc - skipped
[0.320s] -- Detecting C compile features
[0.320s] -- Detecting C compile features - done
[0.326s] -- Detecting CXX compiler ABI info
[0.443s] -- Detecting CXX compiler ABI info - done
[0.455s] -- Check for working CXX compiler: /usr/bin/c++ - skipped
[0.456s] -- Detecting CXX compile features
[0.456s] -- Detecting CXX compile features - done
[0.476s] -- Found rt_manipulators_cpp: 1.0.0 (/opt/ros/humble/share/rt_manipulators_cpp/cmake)
[0.715s] -- Found Python3: /usr/bin/python3 (found version "3.10.12") found components: Interpreter 
[0.826s] [0mx7_3dof_inverse_kinematics[0m
[0.827s] [0ms17_3dof_inverse_kinematics[0m
[0.827s] [0mx7_gravity_compensation[0m
[0.827s] [0ms17_gravity_compensation[0m
[0.827s] -- Configuring done
[0.840s] -- Generating done
[0.845s] -- Build files have been written to: /root/ros2_ws/build/samples03
[0.854s] Invoked command in '/root/ros2_ws/build/samples03' returned '0': CMAKE_PREFIX_PATH=/root/ros2_ws/install/dynamixel_sdk:/root/ros2_ws/install/sciurus17_vision:/root/ros2_ws/install/sciurus17_tools:/root/ros2_ws/install/sciurus17_moveit_config:/root/ros2_ws/install/sciurus17_gazebo:/root/ros2_ws/install/sciurus17_description:/root/ros2_ws/install/dynamixel_sdk_custom_interfaces LD_LIBRARY_PATH=/root/ros2_ws/install/rt_manipulators_cpp/lib:/root/ros2_ws/install/dynamixel_sdk/lib:/root/ros2_ws/install/lib:/root/ros2_ws/install/dynamixel_sdk_custom_interfaces/lib:/root/ros2_ws/src/DynamixelSDK/c++/build/win64:/opt/ros/humble/opt/rviz_ogre_vendor/lib:/opt/ros/humble/lib/x86_64-linux-gnu:/opt/ros/humble/lib /usr/bin/cmake /root/ros2_ws/src/rt_manipulators_cpp/samples/samples03 -DCMAKE_INSTALL_PREFIX=/root/ros2_ws/install/samples03
[0.856s] Invoking command in '/root/ros2_ws/build/samples03': CMAKE_PREFIX_PATH=/root/ros2_ws/install/dynamixel_sdk:/root/ros2_ws/install/sciurus17_vision:/root/ros2_ws/install/sciurus17_tools:/root/ros2_ws/install/sciurus17_moveit_config:/root/ros2_ws/install/sciurus17_gazebo:/root/ros2_ws/install/sciurus17_description:/root/ros2_ws/install/dynamixel_sdk_custom_interfaces LD_LIBRARY_PATH=/root/ros2_ws/install/rt_manipulators_cpp/lib:/root/ros2_ws/install/dynamixel_sdk/lib:/root/ros2_ws/install/lib:/root/ros2_ws/install/dynamixel_sdk_custom_interfaces/lib:/root/ros2_ws/src/DynamixelSDK/c++/build/win64:/opt/ros/humble/opt/rviz_ogre_vendor/lib:/opt/ros/humble/lib/x86_64-linux-gnu:/opt/ros/humble/lib /usr/bin/cmake --build /root/ros2_ws/build/samples03 -- -j12 -l12
[0.947s] [  6%] [32mBuilding CXX object CMakeFiles/x7_gravity_compensation.dir/src/x7_gravity_compensation.cpp.o[0m
[0.948s] [ 12%] [32mBuilding CXX object CMakeFiles/x7_gravity_compensation.dir/src/rt_manipulators_ik.cpp.o[0m
[0.950s] [ 18%] [32mBuilding CXX object CMakeFiles/s17_3dof_inverse_kinematics.dir/src/rt_manipulators_ik.cpp.o[0m
[0.953s] [ 25%] [32mBuilding CXX object CMakeFiles/s17_3dof_inverse_kinematics.dir/src/s17_3dof_inverse_kinematics.cpp.o[0m
[0.963s] [ 31%] [32mBuilding CXX object CMakeFiles/x7_3dof_inverse_kinematics.dir/src/x7_3dof_inverse_kinematics.cpp.o[0m
[0.963s] [ 37%] [32mBuilding CXX object CMakeFiles/s17_3dof_inverse_kinematics.dir/src/rt_manipulators_dynamics.cpp.o[0m
[0.978s] [ 43%] [32mBuilding CXX object CMakeFiles/x7_gravity_compensation.dir/src/rt_manipulators_dynamics.cpp.o[0m
[0.980s] [ 50%] [32mBuilding CXX object CMakeFiles/x7_3dof_inverse_kinematics.dir/src/rt_manipulators_dynamics.cpp.o[0m
[0.996s] [ 56%] [32mBuilding CXX object CMakeFiles/s17_gravity_compensation.dir/src/s17_gravity_compensation.cpp.o[0m
[1.001s] [ 62%] [32mBuilding CXX object CMakeFiles/x7_3dof_inverse_kinematics.dir/src/rt_manipulators_ik.cpp.o[0m
[1.027s] [ 75%] [32mBuilding CXX object CMakeFiles/s17_gravity_compensation.dir/src/rt_manipulators_ik.cpp.o[0m
[1.036s] [ 75%] [32mBuilding CXX object CMakeFiles/s17_gravity_compensation.dir/src/rt_manipulators_dynamics.cpp.o[0m
[1.074s] [01m[K/root/ros2_ws/src/rt_manipulators_cpp/samples/samples03/src/rt_manipulators_ik.cpp:16:10:[m[K [01;31m[Kfatal error: [m[Krt_manipulators_ik.hpp: No such file or directory
[1.074s]    16 | #include [01;31m[K"rt_manipulators_ik.hpp"[m[K
[1.075s]       |          [01;31m[K^~~~~~~~~~~~~~~~~~~~~~~~[m[K
[1.075s] compilation terminated.
[1.077s] gmake[2]: *** [CMakeFiles/s17_3dof_inverse_kinematics.dir/build.make:90: CMakeFiles/s17_3dof_inverse_kinematics.dir/src/rt_manipulators_ik.cpp.o] Error 1
[1.077s] gmake[2]: *** Waiting for unfinished jobs....
[1.092s] [01m[K/root/ros2_ws/src/rt_manipulators_cpp/samples/samples03/src/rt_manipulators_ik.cpp:16:10:[m[K [01;31m[Kfatal error: [m[Krt_manipulators_ik.hpp: No such file or directory
[1.092s]    16 | #include [01;31m[K"rt_manipulators_ik.hpp"[m[K
[1.092s]       |          [01;31m[K^~~~~~~~~~~~~~~~~~~~~~~~[m[K
[1.092s] compilation terminated.
[1.094s] gmake[2]: *** [CMakeFiles/x7_gravity_compensation.dir/build.make:90: CMakeFiles/x7_gravity_compensation.dir/src/rt_manipulators_ik.cpp.o] Error 1
[1.094s] gmake[2]: *** Waiting for unfinished jobs....
[1.107s] In file included from [01m[K/root/ros2_ws/src/rt_manipulators_cpp/samples/samples03/../../rt_manipulators_lib/include/dynamixel_base.hpp:22[m[K,
[1.107s]                  from [01m[K/root/ros2_ws/src/rt_manipulators_cpp/samples/samples03/../../rt_manipulators_lib/include/joint.hpp:23[m[K,
[1.107s]                  from [01m[K/root/ros2_ws/src/rt_manipulators_cpp/samples/samples03/../../rt_manipulators_lib/include/hardware.hpp:25[m[K,
[1.108s]                  from [01m[K/root/ros2_ws/src/rt_manipulators_cpp/samples/samples03/src/x7_3dof_inverse_kinematics.cpp:19[m[K:
[1.108s] [01m[K/root/ros2_ws/src/rt_manipulators_cpp/samples/samples03/../../rt_manipulators_lib/include/hardware_communicator.hpp:18:10:[m[K [01;31m[Kfatal error: [m[Kdynamixel_sdk.h: No such file or directory
[1.108s]    18 | #include [01;31m[K<dynamixel_sdk.h>[m[K
[1.108s]       |          [01;31m[K^~~~~~~~~~~~~~~~~[m[K
[1.108s] compilation terminated.
[1.111s] gmake[2]: *** [CMakeFiles/x7_3dof_inverse_kinematics.dir/build.make:76: CMakeFiles/x7_3dof_inverse_kinematics.dir/src/x7_3dof_inverse_kinematics.cpp.o] Error 1
[1.111s] gmake[2]: *** Waiting for unfinished jobs....
[1.126s] [01m[K/root/ros2_ws/src/rt_manipulators_cpp/samples/samples03/src/rt_manipulators_dynamics.cpp:16:10:[m[K [01;31m[Kfatal error: [m[Krt_manipulators_dynamics.hpp: No such file or directory
[1.126s]    16 | #include [01;31m[K"rt_manipulators_dynamics.hpp"[m[K
[1.126s]       |          [01;31m[K^~~~~~~~~~~~~~~~~~~~~~~~~~~~~~[m[K
[1.126s] compilation terminated.
[1.126s] gmake[2]: *** [CMakeFiles/s17_3dof_inverse_kinematics.dir/build.make:104: CMakeFiles/s17_3dof_inverse_kinematics.dir/src/rt_manipulators_dynamics.cpp.o] Error 1
[1.133s] [01m[K/root/ros2_ws/src/rt_manipulators_cpp/samples/samples03/src/rt_manipulators_dynamics.cpp:16:10:[m[K [01;31m[Kfatal error: [m[Krt_manipulators_dynamics.hpp: No such file or directory
[1.133s]    16 | #include [01;31m[K"rt_manipulators_dynamics.hpp"[m[K
[1.133s]       |          [01;31m[K^~~~~~~~~~~~~~~~~~~~~~~~~~~~~~[m[K
[1.140s] [01m[K/root/ros2_ws/src/rt_manipulators_cpp/samples/samples03/src/x7_gravity_compensation.cpp:26:10:[m[K [01;31m[Kfatal error: [m[Krt_manipulators_cpp/hardware.hpp: No such file or directory
[1.140s]    26 | #include [01;31m[K"rt_manipulators_cpp/hardware.hpp"[m[K
[1.140s]       |          [01;31m[K^~~~~~~~~~~~~~~~~~~~~~~~~~~~~~~~~~[m[K
[1.140s] compilation terminated.
[1.145s] gmake[2]: *** [CMakeFiles/x7_gravity_compensation.dir/build.make:76: CMakeFiles/x7_gravity_compensation.dir/src/x7_gravity_compensation.cpp.o] Error 1
[1.155s] compilation terminated.
[1.158s] gmake[2]: *** [CMakeFiles/x7_3dof_inverse_kinematics.dir/build.make:104: CMakeFiles/x7_3dof_inverse_kinematics.dir/src/rt_manipulators_dynamics.cpp.o] Error 1
[1.172s] In file included from [01m[K/root/ros2_ws/src/rt_manipulators_cpp/samples/samples03/../../rt_manipulators_lib/include/dynamixel_base.hpp:22[m[K,
[1.172s]                  from [01m[K/root/ros2_ws/src/rt_manipulators_cpp/samples/samples03/../../rt_manipulators_lib/include/joint.hpp:23[m[K,
[1.172s]                  from [01m[K/root/ros2_ws/src/rt_manipulators_cpp/samples/samples03/../../rt_manipulators_lib/include/hardware.hpp:25[m[K,
[1.172s]                  from [01m[K/root/ros2_ws/src/rt_manipulators_cpp/samples/samples03/src/s17_3dof_inverse_kinematics.cpp:19[m[K:
[1.172s] [01m[K/root/ros2_ws/src/rt_manipulators_cpp/samples/samples03/../../rt_manipulators_lib/include/hardware_communicator.hpp:18:10:[m[K [01;31m[Kfatal error: [m[Kdynamixel_sdk.h: No such file or directory
[1.172s]    18 | #include [01;31m[K<dynamixel_sdk.h>[m[K
[1.173s]       |          [01;31m[K^~~~~~~~~~~~~~~~~[m[K
[1.173s] compilation terminated.
[1.175s] gmake[2]: *** [CMakeFiles/s17_3dof_inverse_kinematics.dir/build.make:76: CMakeFiles/s17_3dof_inverse_kinematics.dir/src/s17_3dof_inverse_kinematics.cpp.o] Error 1
[1.176s] gmake[1]: *** [CMakeFiles/Makefile2:169: CMakeFiles/s17_3dof_inverse_kinematics.dir/all] Error 2
[1.176s] gmake[1]: *** Waiting for unfinished jobs....
[1.194s] [01m[K/root/ros2_ws/src/rt_manipulators_cpp/samples/samples03/src/rt_manipulators_dynamics.cpp:16:10:[m[K [01;31m[Kfatal error: [m[Krt_manipulators_dynamics.hpp: No such file or directory
[1.195s]    16 | #include [01;31m[K"rt_manipulators_dynamics.hpp"[m[K
[1.195s]       |          [01;31m[K^~~~~~~~~~~~~~~~~~~~~~~~~~~~~~[m[K
[1.195s] compilation terminated.
[1.201s] gmake[2]: *** [CMakeFiles/x7_gravity_compensation.dir/build.make:104: CMakeFiles/x7_gravity_compensation.dir/src/rt_manipulators_dynamics.cpp.o] Error 1
[1.201s] gmake[1]: *** [CMakeFiles/Makefile2:195: CMakeFiles/x7_gravity_compensation.dir/all] Error 2
[1.239s] [01m[K/root/ros2_ws/src/rt_manipulators_cpp/samples/samples03/src/rt_manipulators_ik.cpp:16:10:[m[K [01;31m[Kfatal error: [m[Krt_manipulators_ik.hpp: No such file or directory
[1.240s]    16 | #include [01;31m[K"rt_manipulators_ik.hpp"[m[K
[1.240s]       |          [01;31m[K^~~~~~~~~~~~~~~~~~~~~~~~[m[K
[1.240s] compilation terminated.
[1.243s] gmake[2]: *** [CMakeFiles/x7_3dof_inverse_kinematics.dir/build.make:90: CMakeFiles/x7_3dof_inverse_kinematics.dir/src/rt_manipulators_ik.cpp.o] Error 1
[1.243s] gmake[1]: *** [CMakeFiles/Makefile2:143: CMakeFiles/x7_3dof_inverse_kinematics.dir/all] Error 2
[1.255s] [01m[K/root/ros2_ws/src/rt_manipulators_cpp/samples/samples03/src/rt_manipulators_ik.cpp:16:10:[m[K [01;31m[Kfatal error: [m[Krt_manipulators_ik.hpp: No such file or directory
[1.255s]    16 | #include [01;31m[K"rt_manipulators_ik.hpp"[m[K
[1.255s]       |          [01;31m[K^~~~~~~~~~~~~~~~~~~~~~~~[m[K
[1.255s] compilation terminated.
[1.262s] [01m[K/root/ros2_ws/src/rt_manipulators_cpp/samples/samples03/src/rt_manipulators_dynamics.cpp:16:10:[m[K [01;31m[Kfatal error: [m[Krt_manipulators_dynamics.hpp: No such file or directory
[1.262s]    16 | #include [01;31m[K"rt_manipulators_dynamics.hpp"[m[K
[1.262s]       |          [01;31m[K^~~~~~~~~~~~~~~~~~~~~~~~~~~~~~[m[K
[1.262s] compilation terminated.
[1.262s] gmake[2]: *** [CMakeFiles/s17_gravity_compensation.dir/build.make:90: CMakeFiles/s17_gravity_compensation.dir/src/rt_manipulators_ik.cpp.o] Error 1
[1.262s] gmake[2]: *** Waiting for unfinished jobs....
[1.267s] gmake[2]: *** [CMakeFiles/s17_gravity_compensation.dir/build.make:104: CMakeFiles/s17_gravity_compensation.dir/src/rt_manipulators_dynamics.cpp.o] Error 1
[1.277s] In file included from [01m[K/root/ros2_ws/src/rt_manipulators_cpp/samples/samples03/../../rt_manipulators_lib/include/dynamixel_base.hpp:22[m[K,
[1.277s]                  from [01m[K/root/ros2_ws/src/rt_manipulators_cpp/samples/samples03/../../rt_manipulators_lib/include/joint.hpp:23[m[K,
[1.277s]                  from [01m[K/root/ros2_ws/src/rt_manipulators_cpp/samples/samples03/../../rt_manipulators_lib/include/hardware.hpp:25[m[K,
[1.277s]                  from [01m[K/root/ros2_ws/src/rt_manipulators_cpp/samples/samples03/src/s17_gravity_compensation.cpp:26[m[K:
[1.277s] [01m[K/root/ros2_ws/src/rt_manipulators_cpp/samples/samples03/../../rt_manipulators_lib/include/hardware_communicator.hpp:18:10:[m[K [01;31m[Kfatal error: [m[Kdynamixel_sdk.h: No such file or directory
[1.277s]    18 | #include [01;31m[K<dynamixel_sdk.h>[m[K
[1.278s]       |          [01;31m[K^~~~~~~~~~~~~~~~~[m[K
[1.278s] compilation terminated.
[1.283s] gmake[2]: *** [CMakeFiles/s17_gravity_compensation.dir/build.make:76: CMakeFiles/s17_gravity_compensation.dir/src/s17_gravity_compensation.cpp.o] Error 1
[1.283s] gmake[1]: *** [CMakeFiles/Makefile2:221: CMakeFiles/s17_gravity_compensation.dir/all] Error 2
[1.284s] gmake: *** [Makefile:91: all] Error 2
[1.289s] Invoked command in '/root/ros2_ws/build/samples03' returned '2': CMAKE_PREFIX_PATH=/root/ros2_ws/install/dynamixel_sdk:/root/ros2_ws/install/sciurus17_vision:/root/ros2_ws/install/sciurus17_tools:/root/ros2_ws/install/sciurus17_moveit_config:/root/ros2_ws/install/sciurus17_gazebo:/root/ros2_ws/install/sciurus17_description:/root/ros2_ws/install/dynamixel_sdk_custom_interfaces LD_LIBRARY_PATH=/root/ros2_ws/install/rt_manipulators_cpp/lib:/root/ros2_ws/install/dynamixel_sdk/lib:/root/ros2_ws/install/lib:/root/ros2_ws/install/dynamixel_sdk_custom_interfaces/lib:/root/ros2_ws/src/DynamixelSDK/c++/build/win64:/opt/ros/humble/opt/rviz_ogre_vendor/lib:/opt/ros/humble/lib/x86_64-linux-gnu:/opt/ros/humble/lib /usr/bin/cmake --build /root/ros2_ws/build/samples03 -- -j12 -l12
