[0.000000] (-) TimerEvent: {}
[0.000632] (-) JobUnselected: {'identifier': 'dynamixel_sdk'}
[0.000805] (-) JobUnselected: {'identifier': 'dynamixel_sdk_custom_interfaces'}
[0.000876] (-) JobUnselected: {'identifier': 'dynamixel_sdk_examples'}
[0.000906] (-) JobUnselected: {'identifier': 'rt_manipulators_cpp'}
[0.000926] (-) JobUnselected: {'identifier': 'samples02'}
[0.000946] (-) JobUnselected: {'identifier': 'samples03'}
[0.000964] (-) JobUnselected: {'identifier': 'sciurus17'}
[0.000982] (-) JobUnselected: {'identifier': 'sciurus17_control'}
[0.000997] (-) JobUnselected: {'identifier': 'sciurus17_description'}
[0.001013] (-) JobUnselected: {'identifier': 'sciurus17_examples'}
[0.001030] (-) JobUnselected: {'identifier': 'sciurus17_gazebo'}
[0.001052] (-) JobUnselected: {'identifier': 'sciurus17_moveit_config'}
[0.001069] (-) JobUnselected: {'identifier': 'sciurus17_tools'}
[0.001085] (-) JobUnselected: {'identifier': 'sciurus17_vision'}
[0.001103] (samples01) JobQueued: {'identifier': 'samples01', 'dependencies': OrderedDict([('dynamixel_sdk', '/root/ros2_ws/install/dynamixel_sdk'), ('rt_manipulators_cpp', '/root/ros2_ws/install/rt_manipulators_cpp')])}
[0.001128] (samples01) JobStarted: {'identifier': 'samples01'}
[0.025252] (samples01) JobProgress: {'identifier': 'samples01', 'progress': 'cmake'}
[0.026287] (samples01) JobProgress: {'identifier': 'samples01', 'progress': 'build'}
[0.026978] (samples01) Command: {'cmd': ['/usr/bin/cmake', '--build', '/root/ros2_ws/build/samples01', '--', '-j12', '-l12'], 'cwd': '/root/ros2_ws/build/samples01', 'env': OrderedDict([('LESSOPEN', '| /usr/bin/lesspipe %s'), ('HOSTNAME', 'LAPTOP-I1NP9048'), ('ROS_PACKAGE_PATH', '/root/ros2_ws/install/rt_manipulators_cpp/share'), ('GIT_ASKPASS', '/root/.vscode-server/bin/33fc5a94a3f99ebe7087e8fe79fbe1d37a251016/extensions/git/dist/askpass.sh'), ('SHLVL', '2'), ('LD_LIBRARY_PATH', '/root/ros2_ws/install/rt_manipulators_cpp/lib:/root/ros2_ws/install/dynamixel_sdk/lib:/root/ros2_ws/install/sciurus17_examples/lib:/root/ros2_ws/install/sciurus17_control/lib:/root/ros2_ws/install/lib:/root/ros2_ws/install/dynamixel_sdk_custom_interfaces/lib:/root/ros2_ws/src/DynamixelSDK/c++/build/win64:/opt/ros/humble/opt/rviz_ogre_vendor/lib:/opt/ros/humble/lib/x86_64-linux-gnu:/opt/ros/humble/lib'), ('BROWSER', '/root/.vscode-server/bin/33fc5a94a3f99ebe7087e8fe79fbe1d37a251016/bin/helpers/browser.sh'), ('HOME', '/root'), ('OLDPWD', '/root/ros2_ws/src'), ('TERM_PROGRAM_VERSION', '1.97.0'), ('VSCODE_IPC_HOOK_CLI', '/tmp/vscode-ipc-8731435e-e108-41c3-8514-7ef50ada8194.sock'), ('ROS_PYTHON_VERSION', '3'), ('VSCODE_GIT_ASKPASS_MAIN', '/root/.vscode-server/bin/33fc5a94a3f99ebe7087e8fe79fbe1d37a251016/extensions/git/dist/askpass-main.js'), ('VSCODE_GIT_ASKPASS_NODE', '/root/.vscode-server/bin/33fc5a94a3f99ebe7087e8fe79fbe1d37a251016/node'), ('COLORTERM', 'truecolor'), ('REMOTE_CONTAINERS', 'true'), ('COLCON_PREFIX_PATH', '/root/ros2_ws/install'), ('ROS_DISTRO', 'humble'), ('REMOTE_CONTAINERS_IPC', '/tmp/vscode-remote-containers-ipc-9a2a30ac-5bf7-4c8f-bd9e-a8dbc2db1288.sock'), ('_', '/usr/bin/colcon'), ('ROS_VERSION', '2'), ('PKG_CONFIG_PATH', '/root/ros2_ws/install/rt_manipulators_cpp/lib/x86_64-linux-gnu/pkgconfig:/root/ros2_ws/install/rt_manipulators_cpp/lib/pkgconfig'), ('TERM', 'xterm-256color'), ('ROS_LOCALHOST_ONLY', '0'), ('QT_X11_NO_MITSHM', '1'), ('PATH', '/root/.vscode-server/bin/33fc5a94a3f99ebe7087e8fe79fbe1d37a251016/bin/remote-cli:/opt/ros/humble/bin:/usr/local/sbin:/usr/local/bin:/usr/sbin:/usr/bin:/sbin:/bin:/root/.vscode-server/data/User/globalStorage/github.copilot-chat/debugCommand'), ('REMOTE_CONTAINERS_SOCKETS', '["/root/.gnupg/S.gpg-agent"]'), ('DISPLAY', ':0.0'), ('LANG', 'en_US.UTF-8'), ('LS_COLORS', 'rs=0:di=01;34:ln=01;36:mh=00:pi=40;33:so=01;35:do=01;35:bd=40;33;01:cd=40;33;01:or=40;31;01:mi=00:su=37;41:sg=30;43:ca=30;41:tw=30;42:ow=34;42:st=37;44:ex=01;32:*.tar=01;31:*.tgz=01;31:*.arc=01;31:*.arj=01;31:*.taz=01;31:*.lha=01;31:*.lz4=01;31:*.lzh=01;31:*.lzma=01;31:*.tlz=01;31:*.txz=01;31:*.tzo=01;31:*.t7z=01;31:*.zip=01;31:*.z=01;31:*.dz=01;31:*.gz=01;31:*.lrz=01;31:*.lz=01;31:*.lzo=01;31:*.xz=01;31:*.zst=01;31:*.tzst=01;31:*.bz2=01;31:*.bz=01;31:*.tbz=01;31:*.tbz2=01;31:*.tz=01;31:*.deb=01;31:*.rpm=01;31:*.jar=01;31:*.war=01;31:*.ear=01;31:*.sar=01;31:*.rar=01;31:*.alz=01;31:*.ace=01;31:*.zoo=01;31:*.cpio=01;31:*.7z=01;31:*.rz=01;31:*.cab=01;31:*.wim=01;31:*.swm=01;31:*.dwm=01;31:*.esd=01;31:*.jpg=01;35:*.jpeg=01;35:*.mjpg=01;35:*.mjpeg=01;35:*.gif=01;35:*.bmp=01;35:*.pbm=01;35:*.pgm=01;35:*.ppm=01;35:*.tga=01;35:*.xbm=01;35:*.xpm=01;35:*.tif=01;35:*.tiff=01;35:*.png=01;35:*.svg=01;35:*.svgz=01;35:*.mng=01;35:*.pcx=01;35:*.mov=01;35:*.mpg=01;35:*.mpeg=01;35:*.m2v=01;35:*.mkv=01;35:*.webm=01;35:*.webp=01;35:*.ogm=01;35:*.mp4=01;35:*.m4v=01;35:*.mp4v=01;35:*.vob=01;35:*.qt=01;35:*.nuv=01;35:*.wmv=01;35:*.asf=01;35:*.rm=01;35:*.rmvb=01;35:*.flc=01;35:*.avi=01;35:*.fli=01;35:*.flv=01;35:*.gl=01;35:*.dl=01;35:*.xcf=01;35:*.xwd=01;35:*.yuv=01;35:*.cgm=01;35:*.emf=01;35:*.ogv=01;35:*.ogx=01;35:*.aac=00;36:*.au=00;36:*.flac=00;36:*.m4a=00;36:*.mid=00;36:*.midi=00;36:*.mka=00;36:*.mp3=00;36:*.mpc=00;36:*.ogg=00;36:*.ra=00;36:*.wav=00;36:*.oga=00;36:*.opus=00;36:*.spx=00;36:*.xspf=00;36:'), ('VSCODE_GIT_IPC_HANDLE', '/tmp/vscode-git-7ee6b12a41.sock'), ('TERM_PROGRAM', 'vscode'), ('AMENT_PREFIX_PATH', '/root/ros2_ws/install/sciurus17:/root/ros2_ws/install/sciurus17_examples:/root/ros2_ws/install/sciurus17_control:/root/ros2_ws/install/dynamixel_sdk_examples:/root/ros2_ws/install/sciurus17_vision:/root/ros2_ws/install/sciurus17_tools:/root/ros2_ws/install/sciurus17_moveit_config:/root/ros2_ws/install/sciurus17_gazebo:/root/ros2_ws/install/sciurus17_description:/root/ros2_ws/install/dynamixel_sdk_custom_interfaces:/root/ros2_ws/install/dynamixel_sdk:/opt/ros/humble'), ('DEBIAN_FRONTEND', 'noninteractive'), ('SHELL', '/bin/bash'), ('LESSCLOSE', '/usr/bin/lesspipe %s %s'), ('VSCODE_GIT_ASKPASS_EXTRA_ARGS', ''), ('PWD', '/root/ros2_ws/build/samples01'), ('LC_ALL', 'en_US.UTF-8'), ('PYTHONPATH', '/root/ros2_ws/install/sciurus17_description/local/lib/python3.10/dist-packages:/root/ros2_ws/install/dynamixel_sdk_custom_interfaces/local/lib/python3.10/dist-packages:/opt/ros/humble/lib/python3.10/site-packages:/opt/ros/humble/local/lib/python3.10/dist-packages:/opt/ros/humble/lib/python3.10/site-packages:/opt/ros/humble/lib/python3.10/site-packages:'), ('COLCON', '1'), ('CMAKE_PREFIX_PATH', '/root/ros2_ws/install/dynamixel_sdk:/root/ros2_ws/install/sciurus17:/root/ros2_ws/install/sciurus17_examples:/root/ros2_ws/install/sciurus17_control:/root/ros2_ws/install/dynamixel_sdk_examples:/root/ros2_ws/install/sciurus17_vision:/root/ros2_ws/install/sciurus17_tools:/root/ros2_ws/install/sciurus17_moveit_config:/root/ros2_ws/install/sciurus17_gazebo:/root/ros2_ws/install/sciurus17_description:/root/ros2_ws/install/dynamixel_sdk_custom_interfaces')]), 'shell': False}
[0.099415] (-) TimerEvent: {}
[0.109708] (samples01) StdoutLine: {'line': b'-- Found rt_manipulators_cpp: 1.0.0 (/opt/ros/humble/share/rt_manipulators_cpp/cmake)\n'}
[0.199579] (-) TimerEvent: {}
[0.279921] (samples01) StderrLine: {'line': b'\x1b[0mx7_onoff\x1b[0m\n'}
[0.280414] (samples01) StderrLine: {'line': b'\x1b[0ms17_onoff\x1b[0m\n'}
[0.280730] (samples01) StderrLine: {'line': b'\x1b[0mx7_read_position\x1b[0m\n'}
[0.280983] (samples01) StderrLine: {'line': b'\x1b[0ms17_read_position\x1b[0m\n'}
[0.281188] (samples01) StderrLine: {'line': b'\x1b[0mx7_write_position\x1b[0m\n'}
[0.281382] (samples01) StderrLine: {'line': b'\x1b[0ms17_write_position\x1b[0m\n'}
[0.281577] (samples01) StderrLine: {'line': b'\x1b[0mx7_thread\x1b[0m\n'}
[0.281654] (samples01) StderrLine: {'line': b'\x1b[0ms17_thread\x1b[0m\n'}
[0.281807] (samples01) StderrLine: {'line': b'\x1b[0mx7_read_present_values\x1b[0m\n'}
[0.281889] (samples01) StderrLine: {'line': b'\x1b[0ms17_read_present_values\x1b[0m\n'}
[0.281982] (samples01) StderrLine: {'line': b'\x1b[0mx7_write_velocity\x1b[0m\n'}
[0.282063] (samples01) StderrLine: {'line': b'\x1b[0ms17_write_velocity\x1b[0m\n'}
[0.282133] (samples01) StderrLine: {'line': b'\x1b[0mx7_write_current\x1b[0m\n'}
[0.282197] (samples01) StderrLine: {'line': b'\x1b[0ms17_write_current\x1b[0m\n'}
[0.282267] (samples01) StdoutLine: {'line': b'-- Configuring done\n'}
[0.299732] (-) TimerEvent: {}
[0.327334] (samples01) StdoutLine: {'line': b'-- Generating done\n'}
[0.339694] (samples01) StdoutLine: {'line': b'-- Build files have been written to: /root/ros2_ws/build/samples01\n'}
[0.386822] (samples01) StdoutLine: {'line': b'[  7%] \x1b[32mBuilding CXX object CMakeFiles/x7_onoff.dir/src/x7_onoff.cpp.o\x1b[0m\n'}
[0.387125] (samples01) StdoutLine: {'line': b'[  7%] \x1b[32mBuilding CXX object CMakeFiles/s17_read_position.dir/src/s17_read_position.cpp.o\x1b[0m\n'}
[0.387604] (samples01) StdoutLine: {'line': b'[ 10%] \x1b[32mBuilding CXX object CMakeFiles/x7_write_position.dir/src/x7_write_position.cpp.o\x1b[0m\n'}
[0.390653] (samples01) StdoutLine: {'line': b'[ 17%] \x1b[32mBuilding CXX object CMakeFiles/s17_write_position.dir/src/s17_write_position.cpp.o\x1b[0m\n'}
[0.390961] (samples01) StdoutLine: {'line': b'[ 17%] \x1b[32mBuilding CXX object CMakeFiles/x7_read_position.dir/src/x7_read_position.cpp.o\x1b[0m\n'}
[0.393094] (samples01) StdoutLine: {'line': b'[ 21%] \x1b[32mBuilding CXX object CMakeFiles/s17_onoff.dir/src/s17_onoff.cpp.o\x1b[0m\n'}
[0.394295] (samples01) StdoutLine: {'line': b'[ 25%] \x1b[32mBuilding CXX object CMakeFiles/x7_thread.dir/src/x7_thread.cpp.o\x1b[0m\n'}
[0.397595] (samples01) StdoutLine: {'line': b'[ 28%] \x1b[32mBuilding CXX object CMakeFiles/x7_read_present_values.dir/src/x7_read_present_values.cpp.o\x1b[0m\n'}
[0.398278] (samples01) StdoutLine: {'line': b'[ 32%] \x1b[32mBuilding CXX object CMakeFiles/s17_thread.dir/src/s17_thread.cpp.o\x1b[0m\n'}
[0.399837] (-) TimerEvent: {}
[0.401947] (samples01) StdoutLine: {'line': b'[ 35%] \x1b[32mBuilding CXX object CMakeFiles/x7_write_velocity.dir/src/x7_write_velocity.cpp.o\x1b[0m\n'}
[0.402502] (samples01) StdoutLine: {'line': b'[ 39%] \x1b[32mBuilding CXX object CMakeFiles/s17_read_present_values.dir/src/s17_read_present_values.cpp.o\x1b[0m\n'}
[0.405800] (samples01) StdoutLine: {'line': b'[ 42%] \x1b[32mBuilding CXX object CMakeFiles/s17_write_velocity.dir/src/s17_write_velocity.cpp.o\x1b[0m\n'}
[0.500057] (-) TimerEvent: {}
[0.600624] (-) TimerEvent: {}
[0.701100] (-) TimerEvent: {}
[0.801987] (-) TimerEvent: {}
[0.902873] (-) TimerEvent: {}
[1.003480] (-) TimerEvent: {}
[1.104119] (-) TimerEvent: {}
[1.204721] (-) TimerEvent: {}
[1.305298] (-) TimerEvent: {}
[1.405867] (-) TimerEvent: {}
[1.506431] (-) TimerEvent: {}
[1.586464] (samples01) StdoutLine: {'line': b'[ 46%] \x1b[32m\x1b[1mLinking CXX executable /root/ros2_ws/src/rt_manipulators_cpp/samples/samples01/bin/s17_onoff\x1b[0m\n'}
[1.587755] (samples01) StdoutLine: {'line': b'[ 50%] \x1b[32m\x1b[1mLinking CXX executable /root/ros2_ws/src/rt_manipulators_cpp/samples/samples01/bin/s17_read_position\x1b[0m\n'}
[1.594265] (samples01) StdoutLine: {'line': b'[ 53%] \x1b[32m\x1b[1mLinking CXX executable /root/ros2_ws/src/rt_manipulators_cpp/samples/samples01/bin/x7_onoff\x1b[0m\n'}
[1.606601] (-) TimerEvent: {}
[1.628271] (samples01) StderrLine: {'line': b'/usr/bin/ld: cannot find -lrt_manipulators_cpp: No such file or directory\n'}
[1.631453] (samples01) StderrLine: {'line': b'/usr/bin/ld: cannot find -lrt_manipulators_cpp: No such file or directory\n'}
[1.638261] (samples01) StderrLine: {'line': b'/usr/bin/ld: cannot find -lrt_manipulators_cpp: No such file or directory\n'}
[1.677696] (samples01) StderrLine: {'line': b'collect2: error: ld returned 1 exit status\n'}
[1.678648] (samples01) StderrLine: {'line': b'collect2: error: ld returned 1 exit status\n'}
[1.680400] (samples01) StderrLine: {'line': b'gmake[2]: *** [CMakeFiles/s17_read_position.dir/build.make:98: /root/ros2_ws/src/rt_manipulators_cpp/samples/samples01/bin/s17_read_position] Error 1\n'}
[1.680692] (samples01) StderrLine: {'line': b'gmake[1]: *** [CMakeFiles/Makefile2:241: CMakeFiles/s17_read_position.dir/all] Error 2\n'}
[1.680897] (samples01) StderrLine: {'line': b'gmake[1]: *** Waiting for unfinished jobs....\n'}
[1.686014] (samples01) StderrLine: {'line': b'gmake[2]: *** [CMakeFiles/s17_onoff.dir/build.make:98: /root/ros2_ws/src/rt_manipulators_cpp/samples/samples01/bin/s17_onoff] Error 1\n'}
[1.686429] (samples01) StderrLine: {'line': b'gmake[1]: *** [CMakeFiles/Makefile2:189: CMakeFiles/s17_onoff.dir/all] Error 2\n'}
[1.689764] (samples01) StderrLine: {'line': b'collect2: error: ld returned 1 exit status\n'}
[1.691655] (samples01) StderrLine: {'line': b'gmake[2]: *** [CMakeFiles/x7_onoff.dir/build.make:98: /root/ros2_ws/src/rt_manipulators_cpp/samples/samples01/bin/x7_onoff] Error 1\n'}
[1.692564] (samples01) StderrLine: {'line': b'gmake[1]: *** [CMakeFiles/Makefile2:163: CMakeFiles/x7_onoff.dir/all] Error 2\n'}
[1.706936] (samples01) StdoutLine: {'line': b'[ 57%] \x1b[32m\x1b[1mLinking CXX executable /root/ros2_ws/src/rt_manipulators_cpp/samples/samples01/bin/x7_read_position\x1b[0m\n'}
[1.707430] (-) TimerEvent: {}
[1.723035] (samples01) StdoutLine: {'line': b'[ 60%] \x1b[32m\x1b[1mLinking CXX executable /root/ros2_ws/src/rt_manipulators_cpp/samples/samples01/bin/x7_read_present_values\x1b[0m\n'}
[1.724847] (samples01) StdoutLine: {'line': b'[ 64%] \x1b[32m\x1b[1mLinking CXX executable /root/ros2_ws/src/rt_manipulators_cpp/samples/samples01/bin/s17_write_velocity\x1b[0m\n'}
[1.733541] (samples01) StdoutLine: {'line': b'[ 71%] \x1b[32m\x1b[1mLinking CXX executable /root/ros2_ws/src/rt_manipulators_cpp/samples/samples01/bin/x7_write_velocity\x1b[0m\n'}
[1.734762] (samples01) StdoutLine: {'line': b'[ 71%] \x1b[32m\x1b[1mLinking CXX executable /root/ros2_ws/src/rt_manipulators_cpp/samples/samples01/bin/s17_thread\x1b[0m\n'}
[1.735489] (samples01) StdoutLine: {'line': b'[ 75%] \x1b[32m\x1b[1mLinking CXX executable /root/ros2_ws/src/rt_manipulators_cpp/samples/samples01/bin/s17_write_position\x1b[0m\n'}
[1.738205] (samples01) StderrLine: {'line': b'/usr/bin/ld: cannot find -lrt_manipulators_cpp: No such file or directory\n'}
[1.747714] (samples01) StdoutLine: {'line': b'[ 78%] \x1b[32m\x1b[1mLinking CXX executable /root/ros2_ws/src/rt_manipulators_cpp/samples/samples01/bin/x7_write_position\x1b[0m\n'}
[1.748224] (samples01) StderrLine: {'line': b'/usr/bin/ld: cannot find -lrt_manipulators_cpp: No such file or directory\n'}
[1.748462] (samples01) StderrLine: {'line': b'/usr/bin/ld: cannot find -lrt_manipulators_cpp: No such file or directory\n'}
[1.757733] (samples01) StderrLine: {'line': b'/usr/bin/ld: cannot find -lrt_manipulators_cpp: No such file or directory\n'}
[1.758315] (samples01) StderrLine: {'line': b'/usr/bin/ld: cannot find -lrt_manipulators_cpp: No such file or directory\n'}
[1.761176] (samples01) StderrLine: {'line': b'/usr/bin/ld: cannot find -lrt_manipulators_cpp: No such file or directory\n'}
[1.772931] (samples01) StderrLine: {'line': b'/usr/bin/ld: cannot find -lrt_manipulators_cpp: No such file or directory\n'}
[1.778285] (samples01) StderrLine: {'line': b'collect2: error: ld returned 1 exit status\n'}
[1.781114] (samples01) StderrLine: {'line': b'gmake[2]: *** [CMakeFiles/x7_read_position.dir/build.make:98: /root/ros2_ws/src/rt_manipulators_cpp/samples/samples01/bin/x7_read_position] Error 1\n'}
[1.781618] (samples01) StderrLine: {'line': b'gmake[1]: *** [CMakeFiles/Makefile2:215: CMakeFiles/x7_read_position.dir/all] Error 2\n'}
[1.789757] (samples01) StderrLine: {'line': b'collect2: error: ld returned 1 exit status\n'}
[1.792566] (samples01) StderrLine: {'line': b'collect2: error: ld returned 1 exit status\n'}
[1.792905] (samples01) StderrLine: {'line': b'gmake[2]: *** [CMakeFiles/x7_read_present_values.dir/build.make:98: /root/ros2_ws/src/rt_manipulators_cpp/samples/samples01/bin/x7_read_present_values] Error 1\n'}
[1.793525] (samples01) StderrLine: {'line': b'gmake[1]: *** [CMakeFiles/Makefile2:371: CMakeFiles/x7_read_present_values.dir/all] Error 2\n'}
[1.795391] (samples01) StderrLine: {'line': b'gmake[2]: *** [CMakeFiles/s17_write_velocity.dir/build.make:98: /root/ros2_ws/src/rt_manipulators_cpp/samples/samples01/bin/s17_write_velocity] Error 1\n'}
[1.795739] (samples01) StderrLine: {'line': b'gmake[1]: *** [CMakeFiles/Makefile2:449: CMakeFiles/s17_write_velocity.dir/all] Error 2\n'}
[1.802708] (samples01) StderrLine: {'line': b'collect2: error: ld returned 1 exit status\n'}
[1.803160] (samples01) StderrLine: {'line': b'collect2: error: ld returned 1 exit status\n'}
[1.805558] (samples01) StderrLine: {'line': b'gmake[2]: *** [CMakeFiles/s17_thread.dir/build.make:98: /root/ros2_ws/src/rt_manipulators_cpp/samples/samples01/bin/s17_thread] Error 1\n'}
[1.805850] (samples01) StderrLine: {'line': b'gmake[2]: *** [CMakeFiles/s17_write_position.dir/build.make:98: /root/ros2_ws/src/rt_manipulators_cpp/samples/samples01/bin/s17_write_position] Error 1\n'}
[1.806147] (samples01) StderrLine: {'line': b'gmake[1]: *** [CMakeFiles/Makefile2:293: CMakeFiles/s17_write_position.dir/all] Error 2\n'}
[1.806237] (samples01) StderrLine: {'line': b'gmake[1]: *** [CMakeFiles/Makefile2:345: CMakeFiles/s17_thread.dir/all] Error 2\n'}
[1.807329] (samples01) StdoutLine: {'line': b'[ 82%] \x1b[32m\x1b[1mLinking CXX executable /root/ros2_ws/src/rt_manipulators_cpp/samples/samples01/bin/s17_read_present_values\x1b[0m\n'}
[1.807517] (-) TimerEvent: {}
[1.808042] (samples01) StderrLine: {'line': b'collect2: error: ld returned 1 exit status\n'}
[1.810576] (samples01) StderrLine: {'line': b'gmake[2]: *** [CMakeFiles/x7_write_velocity.dir/build.make:98: /root/ros2_ws/src/rt_manipulators_cpp/samples/samples01/bin/x7_write_velocity] Error 1\n'}
[1.810983] (samples01) StderrLine: {'line': b'gmake[1]: *** [CMakeFiles/Makefile2:423: CMakeFiles/x7_write_velocity.dir/all] Error 2\n'}
[1.815824] (samples01) StderrLine: {'line': b'collect2: error: ld returned 1 exit status\n'}
[1.818696] (samples01) StderrLine: {'line': b'gmake[2]: *** [CMakeFiles/x7_write_position.dir/build.make:98: /root/ros2_ws/src/rt_manipulators_cpp/samples/samples01/bin/x7_write_position] Error 1\n'}
[1.819141] (samples01) StderrLine: {'line': b'gmake[1]: *** [CMakeFiles/Makefile2:267: CMakeFiles/x7_write_position.dir/all] Error 2\n'}
[1.828370] (samples01) StderrLine: {'line': b'/usr/bin/ld: cannot find -lrt_manipulators_cpp: No such file or directory\n'}
[1.852778] (samples01) StderrLine: {'line': b'collect2: error: ld returned 1 exit status\n'}
[1.854801] (samples01) StderrLine: {'line': b'gmake[2]: *** [CMakeFiles/s17_read_present_values.dir/build.make:98: /root/ros2_ws/src/rt_manipulators_cpp/samples/samples01/bin/s17_read_present_values] Error 1\n'}
[1.855079] (samples01) StdoutLine: {'line': b'[ 85%] \x1b[32m\x1b[1mLinking CXX executable /root/ros2_ws/src/rt_manipulators_cpp/samples/samples01/bin/x7_thread\x1b[0m\n'}
[1.855204] (samples01) StderrLine: {'line': b'gmake[1]: *** [CMakeFiles/Makefile2:397: CMakeFiles/s17_read_present_values.dir/all] Error 2\n'}
[1.870577] (samples01) StderrLine: {'line': b'/usr/bin/ld: cannot find -lrt_manipulators_cpp: No such file or directory\n'}
[1.889888] (samples01) StderrLine: {'line': b'collect2: error: ld returned 1 exit status\n'}
[1.891870] (samples01) StderrLine: {'line': b'gmake[2]: *** [CMakeFiles/x7_thread.dir/build.make:98: /root/ros2_ws/src/rt_manipulators_cpp/samples/samples01/bin/x7_thread] Error 1\n'}
[1.892176] (samples01) StderrLine: {'line': b'gmake[1]: *** [CMakeFiles/Makefile2:319: CMakeFiles/x7_thread.dir/all] Error 2\n'}
[1.892541] (samples01) StderrLine: {'line': b'gmake: *** [Makefile:91: all] Error 2\n'}
[1.895429] (samples01) CommandEnded: {'returncode': 2}
[1.895900] (samples01) JobEnded: {'identifier': 'samples01', 'rc': 2}
[1.906556] (-) EventReactorShutdown: {}
