[0mx7_onoff[0m
[0ms17_onoff[0m
[0mx7_read_position[0m
[0ms17_read_position[0m
[0mx7_write_position[0m
[0ms17_write_position[0m
[0mx7_thread[0m
[0ms17_thread[0m
[0mx7_read_present_values[0m
[0ms17_read_present_values[0m
[0mx7_write_velocity[0m
[0ms17_write_velocity[0m
[0mx7_write_current[0m
[0ms17_write_current[0m
/usr/bin/ld: cannot find -lrt_manipulators_cpp: No such file or directory
/usr/bin/ld: cannot find -lrt_manipulators_cpp: No such file or directory
/usr/bin/ld: cannot find -lrt_manipulators_cpp: No such file or directory
collect2: error: ld returned 1 exit status
collect2: error: ld returned 1 exit status
gmake[2]: *** [CMakeFiles/s17_read_position.dir/build.make:98: /root/ros2_ws/src/rt_manipulators_cpp/samples/samples01/bin/s17_read_position] Error 1
gmake[1]: *** [CMakeFiles/Makefile2:241: CMakeFiles/s17_read_position.dir/all] Error 2
gmake[1]: *** Waiting for unfinished jobs....
gmake[2]: *** [CMakeFiles/s17_onoff.dir/build.make:98: /root/ros2_ws/src/rt_manipulators_cpp/samples/samples01/bin/s17_onoff] Error 1
gmake[1]: *** [CMakeFiles/Makefile2:189: CMakeFiles/s17_onoff.dir/all] Error 2
collect2: error: ld returned 1 exit status
gmake[2]: *** [CMakeFiles/x7_onoff.dir/build.make:98: /root/ros2_ws/src/rt_manipulators_cpp/samples/samples01/bin/x7_onoff] Error 1
gmake[1]: *** [CMakeFiles/Makefile2:163: CMakeFiles/x7_onoff.dir/all] Error 2
/usr/bin/ld: cannot find -lrt_manipulators_cpp: No such file or directory
/usr/bin/ld: cannot find -lrt_manipulators_cpp: No such file or directory
/usr/bin/ld: cannot find -lrt_manipulators_cpp: No such file or directory
/usr/bin/ld: cannot find -lrt_manipulators_cpp: No such file or directory
/usr/bin/ld: cannot find -lrt_manipulators_cpp: No such file or directory
/usr/bin/ld: cannot find -lrt_manipulators_cpp: No such file or directory
/usr/bin/ld: cannot find -lrt_manipulators_cpp: No such file or directory
collect2: error: ld returned 1 exit status
gmake[2]: *** [CMakeFiles/x7_read_position.dir/build.make:98: /root/ros2_ws/src/rt_manipulators_cpp/samples/samples01/bin/x7_read_position] Error 1
gmake[1]: *** [CMakeFiles/Makefile2:215: CMakeFiles/x7_read_position.dir/all] Error 2
collect2: error: ld returned 1 exit status
collect2: error: ld returned 1 exit status
gmake[2]: *** [CMakeFiles/x7_read_present_values.dir/build.make:98: /root/ros2_ws/src/rt_manipulators_cpp/samples/samples01/bin/x7_read_present_values] Error 1
gmake[1]: *** [CMakeFiles/Makefile2:371: CMakeFiles/x7_read_present_values.dir/all] Error 2
gmake[2]: *** [CMakeFiles/s17_write_velocity.dir/build.make:98: /root/ros2_ws/src/rt_manipulators_cpp/samples/samples01/bin/s17_write_velocity] Error 1
gmake[1]: *** [CMakeFiles/Makefile2:449: CMakeFiles/s17_write_velocity.dir/all] Error 2
collect2: error: ld returned 1 exit status
collect2: error: ld returned 1 exit status
gmake[2]: *** [CMakeFiles/s17_thread.dir/build.make:98: /root/ros2_ws/src/rt_manipulators_cpp/samples/samples01/bin/s17_thread] Error 1
gmake[2]: *** [CMakeFiles/s17_write_position.dir/build.make:98: /root/ros2_ws/src/rt_manipulators_cpp/samples/samples01/bin/s17_write_position] Error 1
gmake[1]: *** [CMakeFiles/Makefile2:293: CMakeFiles/s17_write_position.dir/all] Error 2
gmake[1]: *** [CMakeFiles/Makefile2:345: CMakeFiles/s17_thread.dir/all] Error 2
collect2: error: ld returned 1 exit status
gmake[2]: *** [CMakeFiles/x7_write_velocity.dir/build.make:98: /root/ros2_ws/src/rt_manipulators_cpp/samples/samples01/bin/x7_write_velocity] Error 1
gmake[1]: *** [CMakeFiles/Makefile2:423: CMakeFiles/x7_write_velocity.dir/all] Error 2
collect2: error: ld returned 1 exit status
gmake[2]: *** [CMakeFiles/x7_write_position.dir/build.make:98: /root/ros2_ws/src/rt_manipulators_cpp/samples/samples01/bin/x7_write_position] Error 1
gmake[1]: *** [CMakeFiles/Makefile2:267: CMakeFiles/x7_write_position.dir/all] Error 2
/usr/bin/ld: cannot find -lrt_manipulators_cpp: No such file or directory
collect2: error: ld returned 1 exit status
gmake[2]: *** [CMakeFiles/s17_read_present_values.dir/build.make:98: /root/ros2_ws/src/rt_manipulators_cpp/samples/samples01/bin/s17_read_present_values] Error 1
gmake[1]: *** [CMakeFiles/Makefile2:397: CMakeFiles/s17_read_present_values.dir/all] Error 2
/usr/bin/ld: cannot find -lrt_manipulators_cpp: No such file or directory
collect2: error: ld returned 1 exit status
gmake[2]: *** [CMakeFiles/x7_thread.dir/build.make:98: /root/ros2_ws/src/rt_manipulators_cpp/samples/samples01/bin/x7_thread] Error 1
gmake[1]: *** [CMakeFiles/Makefile2:319: CMakeFiles/x7_thread.dir/all] Error 2
gmake: *** [Makefile:91: all] Error 2
