-- Found rt_manipulators_cpp: 1.0.0 (/opt/ros/humble/share/rt_manipulators_cpp/cmake)
[0mx7_onoff[0m
[0ms17_onoff[0m
[0mx7_read_position[0m
[0ms17_read_position[0m
[0mx7_write_position[0m
[0ms17_write_position[0m
[0mx7_thread[0m
[0ms17_thread[0m
[0mx7_read_present_values[0m
[0ms17_read_present_values[0m
[0mx7_write_velocity[0m
[0ms17_write_velocity[0m
[0mx7_write_current[0m
[0ms17_write_current[0m
-- Configuring done
-- Generating done
-- Build files have been written to: /root/ros2_ws/build/samples01
[  7%] [32mBuilding CXX object CMakeFiles/x7_onoff.dir/src/x7_onoff.cpp.o[0m
[  7%] [32mBuilding CXX object CMakeFiles/s17_read_position.dir/src/s17_read_position.cpp.o[0m
[ 10%] [32mBuilding CXX object CMakeFiles/x7_write_position.dir/src/x7_write_position.cpp.o[0m
[ 17%] [32mBuilding CXX object CMakeFiles/s17_write_position.dir/src/s17_write_position.cpp.o[0m
[ 17%] [32mBuilding CXX object CMakeFiles/x7_read_position.dir/src/x7_read_position.cpp.o[0m
[ 21%] [32mBuilding CXX object CMakeFiles/s17_onoff.dir/src/s17_onoff.cpp.o[0m
[ 25%] [32mBuilding CXX object CMakeFiles/x7_thread.dir/src/x7_thread.cpp.o[0m
[ 28%] [32mBuilding CXX object CMakeFiles/x7_read_present_values.dir/src/x7_read_present_values.cpp.o[0m
[ 32%] [32mBuilding CXX object CMakeFiles/s17_thread.dir/src/s17_thread.cpp.o[0m
[ 35%] [32mBuilding CXX object CMakeFiles/x7_write_velocity.dir/src/x7_write_velocity.cpp.o[0m
[ 39%] [32mBuilding CXX object CMakeFiles/s17_read_present_values.dir/src/s17_read_present_values.cpp.o[0m
[ 42%] [32mBuilding CXX object CMakeFiles/s17_write_velocity.dir/src/s17_write_velocity.cpp.o[0m
[ 46%] [32m[1mLinking CXX executable /root/ros2_ws/src/rt_manipulators_cpp/samples/samples01/bin/s17_onoff[0m
[ 50%] [32m[1mLinking CXX executable /root/ros2_ws/src/rt_manipulators_cpp/samples/samples01/bin/s17_read_position[0m
[ 53%] [32m[1mLinking CXX executable /root/ros2_ws/src/rt_manipulators_cpp/samples/samples01/bin/x7_onoff[0m
/usr/bin/ld: cannot find -lrt_manipulators_cpp: No such file or directory
/usr/bin/ld: cannot find -lrt_manipulators_cpp: No such file or directory
/usr/bin/ld: cannot find -lrt_manipulators_cpp: No such file or directory
collect2: error: ld returned 1 exit status
collect2: error: ld returned 1 exit status
gmake[2]: *** [CMakeFiles/s17_read_position.dir/build.make:98: /root/ros2_ws/src/rt_manipulators_cpp/samples/samples01/bin/s17_read_position] Error 1
gmake[1]: *** [CMakeFiles/Makefile2:241: CMakeFiles/s17_read_position.dir/all] Error 2
gmake[1]: *** Waiting for unfinished jobs....
gmake[2]: *** [CMakeFiles/s17_onoff.dir/build.make:98: /root/ros2_ws/src/rt_manipulators_cpp/samples/samples01/bin/s17_onoff] Error 1
gmake[1]: *** [CMakeFiles/Makefile2:189: CMakeFiles/s17_onoff.dir/all] Error 2
collect2: error: ld returned 1 exit status
gmake[2]: *** [CMakeFiles/x7_onoff.dir/build.make:98: /root/ros2_ws/src/rt_manipulators_cpp/samples/samples01/bin/x7_onoff] Error 1
gmake[1]: *** [CMakeFiles/Makefile2:163: CMakeFiles/x7_onoff.dir/all] Error 2
[ 57%] [32m[1mLinking CXX executable /root/ros2_ws/src/rt_manipulators_cpp/samples/samples01/bin/x7_read_position[0m
[ 60%] [32m[1mLinking CXX executable /root/ros2_ws/src/rt_manipulators_cpp/samples/samples01/bin/x7_read_present_values[0m
[ 64%] [32m[1mLinking CXX executable /root/ros2_ws/src/rt_manipulators_cpp/samples/samples01/bin/s17_write_velocity[0m
[ 71%] [32m[1mLinking CXX executable /root/ros2_ws/src/rt_manipulators_cpp/samples/samples01/bin/x7_write_velocity[0m
[ 71%] [32m[1mLinking CXX executable /root/ros2_ws/src/rt_manipulators_cpp/samples/samples01/bin/s17_thread[0m
[ 75%] [32m[1mLinking CXX executable /root/ros2_ws/src/rt_manipulators_cpp/samples/samples01/bin/s17_write_position[0m
/usr/bin/ld: cannot find -lrt_manipulators_cpp: No such file or directory
[ 78%] [32m[1mLinking CXX executable /root/ros2_ws/src/rt_manipulators_cpp/samples/samples01/bin/x7_write_position[0m
/usr/bin/ld: cannot find -lrt_manipulators_cpp: No such file or directory
/usr/bin/ld: cannot find -lrt_manipulators_cpp: No such file or directory
/usr/bin/ld: cannot find -lrt_manipulators_cpp: No such file or directory
/usr/bin/ld: cannot find -lrt_manipulators_cpp: No such file or directory
/usr/bin/ld: cannot find -lrt_manipulators_cpp: No such file or directory
/usr/bin/ld: cannot find -lrt_manipulators_cpp: No such file or directory
collect2: error: ld returned 1 exit status
gmake[2]: *** [CMakeFiles/x7_read_position.dir/build.make:98: /root/ros2_ws/src/rt_manipulators_cpp/samples/samples01/bin/x7_read_position] Error 1
gmake[1]: *** [CMakeFiles/Makefile2:215: CMakeFiles/x7_read_position.dir/all] Error 2
collect2: error: ld returned 1 exit status
collect2: error: ld returned 1 exit status
gmake[2]: *** [CMakeFiles/x7_read_present_values.dir/build.make:98: /root/ros2_ws/src/rt_manipulators_cpp/samples/samples01/bin/x7_read_present_values] Error 1
gmake[1]: *** [CMakeFiles/Makefile2:371: CMakeFiles/x7_read_present_values.dir/all] Error 2
gmake[2]: *** [CMakeFiles/s17_write_velocity.dir/build.make:98: /root/ros2_ws/src/rt_manipulators_cpp/samples/samples01/bin/s17_write_velocity] Error 1
gmake[1]: *** [CMakeFiles/Makefile2:449: CMakeFiles/s17_write_velocity.dir/all] Error 2
collect2: error: ld returned 1 exit status
collect2: error: ld returned 1 exit status
gmake[2]: *** [CMakeFiles/s17_thread.dir/build.make:98: /root/ros2_ws/src/rt_manipulators_cpp/samples/samples01/bin/s17_thread] Error 1
gmake[2]: *** [CMakeFiles/s17_write_position.dir/build.make:98: /root/ros2_ws/src/rt_manipulators_cpp/samples/samples01/bin/s17_write_position] Error 1
gmake[1]: *** [CMakeFiles/Makefile2:293: CMakeFiles/s17_write_position.dir/all] Error 2
gmake[1]: *** [CMakeFiles/Makefile2:345: CMakeFiles/s17_thread.dir/all] Error 2
[ 82%] [32m[1mLinking CXX executable /root/ros2_ws/src/rt_manipulators_cpp/samples/samples01/bin/s17_read_present_values[0m
collect2: error: ld returned 1 exit status
gmake[2]: *** [CMakeFiles/x7_write_velocity.dir/build.make:98: /root/ros2_ws/src/rt_manipulators_cpp/samples/samples01/bin/x7_write_velocity] Error 1
gmake[1]: *** [CMakeFiles/Makefile2:423: CMakeFiles/x7_write_velocity.dir/all] Error 2
collect2: error: ld returned 1 exit status
gmake[2]: *** [CMakeFiles/x7_write_position.dir/build.make:98: /root/ros2_ws/src/rt_manipulators_cpp/samples/samples01/bin/x7_write_position] Error 1
gmake[1]: *** [CMakeFiles/Makefile2:267: CMakeFiles/x7_write_position.dir/all] Error 2
/usr/bin/ld: cannot find -lrt_manipulators_cpp: No such file or directory
collect2: error: ld returned 1 exit status
gmake[2]: *** [CMakeFiles/s17_read_present_values.dir/build.make:98: /root/ros2_ws/src/rt_manipulators_cpp/samples/samples01/bin/s17_read_present_values] Error 1
[ 85%] [32m[1mLinking CXX executable /root/ros2_ws/src/rt_manipulators_cpp/samples/samples01/bin/x7_thread[0m
gmake[1]: *** [CMakeFiles/Makefile2:397: CMakeFiles/s17_read_present_values.dir/all] Error 2
/usr/bin/ld: cannot find -lrt_manipulators_cpp: No such file or directory
collect2: error: ld returned 1 exit status
gmake[2]: *** [CMakeFiles/x7_thread.dir/build.make:98: /root/ros2_ws/src/rt_manipulators_cpp/samples/samples01/bin/x7_thread] Error 1
gmake[1]: *** [CMakeFiles/Makefile2:319: CMakeFiles/x7_thread.dir/all] Error 2
gmake: *** [Makefile:91: all] Error 2
