[0.021s] Invoking command in '/root/ros2_ws/build/samples01': CMAKE_PREFIX_PATH=/root/ros2_ws/install/dynamixel_sdk:/root/ros2_ws/install/sciurus17:/root/ros2_ws/install/sciurus17_examples:/root/ros2_ws/install/sciurus17_control:/root/ros2_ws/install/dynamixel_sdk_examples:/root/ros2_ws/install/sciurus17_vision:/root/ros2_ws/install/sciurus17_tools:/root/ros2_ws/install/sciurus17_moveit_config:/root/ros2_ws/install/sciurus17_gazebo:/root/ros2_ws/install/sciurus17_description:/root/ros2_ws/install/dynamixel_sdk_custom_interfaces LD_LIBRARY_PATH=/root/ros2_ws/install/rt_manipulators_cpp/lib:/root/ros2_ws/install/dynamixel_sdk/lib:/root/ros2_ws/install/sciurus17_examples/lib:/root/ros2_ws/install/sciurus17_control/lib:/root/ros2_ws/install/lib:/root/ros2_ws/install/dynamixel_sdk_custom_interfaces/lib:/root/ros2_ws/src/DynamixelSDK/c++/build/win64:/opt/ros/humble/opt/rviz_ogre_vendor/lib:/opt/ros/humble/lib/x86_64-linux-gnu:/opt/ros/humble/lib /usr/bin/cmake --build /root/ros2_ws/build/samples01 -- -j12 -l12
[0.093s] [  3%] [32mBuilding CXX object CMakeFiles/x7_onoff.dir/src/x7_onoff.cpp.o[0m
[0.095s] [  7%] [32mBuilding CXX object CMakeFiles/x7_read_position.dir/src/x7_read_position.cpp.o[0m
[0.099s] [ 10%] [32mBuilding CXX object CMakeFiles/x7_write_position.dir/src/x7_write_position.cpp.o[0m
[0.100s] [ 14%] [32mBuilding CXX object CMakeFiles/x7_thread.dir/src/x7_thread.cpp.o[0m
[0.103s] [ 17%] [32mBuilding CXX object CMakeFiles/x7_write_velocity.dir/src/x7_write_velocity.cpp.o[0m
[0.111s] [ 25%] [32mBuilding CXX object CMakeFiles/s17_read_position.dir/src/s17_read_position.cpp.o[0m
[0.111s] [ 25%] [32mBuilding CXX object CMakeFiles/s17_onoff.dir/src/s17_onoff.cpp.o[0m
[0.119s] [ 28%] [32mBuilding CXX object CMakeFiles/s17_write_position.dir/src/s17_write_position.cpp.o[0m
[0.119s] [ 32%] [32mBuilding CXX object CMakeFiles/s17_write_velocity.dir/src/s17_write_velocity.cpp.o[0m
[0.122s] [ 35%] [32mBuilding CXX object CMakeFiles/s17_thread.dir/src/s17_thread.cpp.o[0m
[0.128s] [ 39%] [32mBuilding CXX object CMakeFiles/s17_read_present_values.dir/src/s17_read_present_values.cpp.o[0m
[0.129s] [ 42%] [32mBuilding CXX object CMakeFiles/x7_read_present_values.dir/src/x7_read_present_values.cpp.o[0m
[0.206s] In file included from [01m[K/root/ros2_ws/src/rt_manipulators_cpp/samples/samples01/../../rt_manipulators_lib/include/dynamixel_base.hpp:22[m[K,
[0.206s]                  from [01m[K/root/ros2_ws/src/rt_manipulators_cpp/samples/samples01/../../rt_manipulators_lib/include/joint.hpp:23[m[K,
[0.206s]                  from [01m[K/root/ros2_ws/src/rt_manipulators_cpp/samples/samples01/../../rt_manipulators_lib/include/hardware.hpp:25[m[K,
[0.206s]                  from [01m[K/root/ros2_ws/src/rt_manipulators_cpp/samples/samples01/src/x7_read_position.cpp:19[m[K:
[0.206s] [01m[K/root/ros2_ws/src/rt_manipulators_cpp/samples/samples01/../../rt_manipulators_lib/include/hardware_communicator.hpp:18:10:[m[K [01;31m[Kfatal error: [m[Kdynamixel_sdk.h: No such file or directory
[0.206s]    18 | #include [01;31m[K<dynamixel_sdk.h>[m[K
[0.206s]       |          [01;31m[K^~~~~~~~~~~~~~~~~[m[K
[0.207s] compilation terminated.
[0.211s] gmake[2]: *** [CMakeFiles/x7_read_position.dir/build.make:76: CMakeFiles/x7_read_position.dir/src/x7_read_position.cpp.o] Error 1
[0.212s] gmake[1]: *** [CMakeFiles/Makefile2:215: CMakeFiles/x7_read_position.dir/all] Error 2
[0.212s] gmake[1]: *** Waiting for unfinished jobs....
[0.223s] In file included from [01m[K/root/ros2_ws/src/rt_manipulators_cpp/samples/samples01/../../rt_manipulators_lib/include/dynamixel_base.hpp:22[m[K,
[0.224s]                  from [01m[K/root/ros2_ws/src/rt_manipulators_cpp/samples/samples01/../../rt_manipulators_lib/include/joint.hpp:23[m[K,
[0.224s]                  from [01m[K/root/ros2_ws/src/rt_manipulators_cpp/samples/samples01/../../rt_manipulators_lib/include/hardware.hpp:25[m[K,
[0.224s]                  from [01m[K/root/ros2_ws/src/rt_manipulators_cpp/samples/samples01/src/s17_read_position.cpp:19[m[K:
[0.224s] [01m[K/root/ros2_ws/src/rt_manipulators_cpp/samples/samples01/../../rt_manipulators_lib/include/hardware_communicator.hpp:18:10:[m[K [01;31m[Kfatal error: [m[Kdynamixel_sdk.h: No such file or directory
[0.224s]    18 | #include [01;31m[K<dynamixel_sdk.h>[m[K
[0.224s]       |          [01;31m[K^~~~~~~~~~~~~~~~~[m[K
[0.225s] compilation terminated.
[0.225s] In file included from [01m[K/root/ros2_ws/src/rt_manipulators_cpp/samples/samples01/../../rt_manipulators_lib/include/dynamixel_base.hpp:22[m[K,
[0.225s]                  from [01m[K/root/ros2_ws/src/rt_manipulators_cpp/samples/samples01/../../rt_manipulators_lib/include/joint.hpp:23[m[K,
[0.225s]                  from [01m[K/root/ros2_ws/src/rt_manipulators_cpp/samples/samples01/../../rt_manipulators_lib/include/hardware.hpp:25[m[K,
[0.225s]                  from [01m[K/root/ros2_ws/src/rt_manipulators_cpp/samples/samples01/src/x7_onoff.cpp:18[m[K:
[0.225s] [01m[K/root/ros2_ws/src/rt_manipulators_cpp/samples/samples01/../../rt_manipulators_lib/include/hardware_communicator.hpp:18:10:[m[K [01;31m[Kfatal error: [m[Kdynamixel_sdk.h: No such file or directory
[0.225s]    18 | #include [01;31m[K<dynamixel_sdk.h>[m[K
[0.225s]       |          [01;31m[K^~~~~~~~~~~~~~~~~[m[K
[0.226s] compilation terminated.
[0.228s] gmake[2]: *** [CMakeFiles/x7_onoff.dir/build.make:76: CMakeFiles/x7_onoff.dir/src/x7_onoff.cpp.o] Error 1
[0.229s] gmake[2]: *** [CMakeFiles/s17_read_position.dir/build.make:76: CMakeFiles/s17_read_position.dir/src/s17_read_position.cpp.o] Error 1
[0.229s] gmake[1]: *** [CMakeFiles/Makefile2:163: CMakeFiles/x7_onoff.dir/all] Error 2
[0.229s] gmake[1]: *** [CMakeFiles/Makefile2:241: CMakeFiles/s17_read_position.dir/all] Error 2
[0.230s] In file included from [01m[K/root/ros2_ws/src/rt_manipulators_cpp/samples/samples01/../../rt_manipulators_lib/include/dynamixel_base.hpp:22[m[K,
[0.230s]                  from [01m[K/root/ros2_ws/src/rt_manipulators_cpp/samples/samples01/../../rt_manipulators_lib/include/joint.hpp:23[m[K,
[0.230s]                  from [01m[K/root/ros2_ws/src/rt_manipulators_cpp/samples/samples01/../../rt_manipulators_lib/include/hardware.hpp:25[m[K,
[0.230s]                  from [01m[K/root/ros2_ws/src/rt_manipulators_cpp/samples/samples01/src/s17_onoff.cpp:18[m[K:
[0.230s] [01m[K/root/ros2_ws/src/rt_manipulators_cpp/samples/samples01/../../rt_manipulators_lib/include/hardware_communicator.hpp:18:10:[m[K [01;31m[Kfatal error: [m[Kdynamixel_sdk.h: No such file or directory
[0.231s]    18 | #include [01;31m[K<dynamixel_sdk.h>[m[K
[0.231s]       |          [01;31m[K^~~~~~~~~~~~~~~~~[m[K
[0.231s] compilation terminated.
[0.234s] gmake[2]: *** [CMakeFiles/s17_onoff.dir/build.make:76: CMakeFiles/s17_onoff.dir/src/s17_onoff.cpp.o] Error 1
[0.235s] gmake[1]: *** [CMakeFiles/Makefile2:189: CMakeFiles/s17_onoff.dir/all] Error 2
[0.238s] In file included from [01m[K/root/ros2_ws/src/rt_manipulators_cpp/samples/samples01/../../rt_manipulators_lib/include/dynamixel_base.hpp:22[m[K,
[0.238s]                  from [01m[K/root/ros2_ws/src/rt_manipulators_cpp/samples/samples01/../../rt_manipulators_lib/include/joint.hpp:23[m[K,
[0.238s]                  from [01m[K/root/ros2_ws/src/rt_manipulators_cpp/samples/samples01/../../rt_manipulators_lib/include/hardware.hpp:25[m[K,
[0.238s]                  from [01m[K/root/ros2_ws/src/rt_manipulators_cpp/samples/samples01/src/s17_read_present_values.cpp:19[m[K:
[0.238s] [01m[K/root/ros2_ws/src/rt_manipulators_cpp/samples/samples01/../../rt_manipulators_lib/include/hardware_communicator.hpp:18:10:[m[K [01;31m[Kfatal error: [m[Kdynamixel_sdk.h: No such file or directory
[0.238s]    18 | #include [01;31m[K<dynamixel_sdk.h>[m[K
[0.238s]       |          [01;31m[K^~~~~~~~~~~~~~~~~[m[K
[0.239s] compilation terminated.
[0.241s] gmake[2]: *** [CMakeFiles/s17_read_present_values.dir/build.make:76: CMakeFiles/s17_read_present_values.dir/src/s17_read_present_values.cpp.o] Error 1
[0.242s] gmake[1]: *** [CMakeFiles/Makefile2:397: CMakeFiles/s17_read_present_values.dir/all] Error 2
[0.242s] In file included from [01m[K/root/ros2_ws/src/rt_manipulators_cpp/samples/samples01/../../rt_manipulators_lib/include/dynamixel_base.hpp:22[m[K,
[0.242s]                  from [01m[K/root/ros2_ws/src/rt_manipulators_cpp/samples/samples01/../../rt_manipulators_lib/include/joint.hpp:23[m[K,
[0.243s]                  from [01m[K/root/ros2_ws/src/rt_manipulators_cpp/samples/samples01/../../rt_manipulators_lib/include/hardware.hpp:25[m[K,
[0.243s]                  from [01m[K/root/ros2_ws/src/rt_manipulators_cpp/samples/samples01/src/x7_read_present_values.cpp:19[m[K:
[0.244s] [01m[K/root/ros2_ws/src/rt_manipulators_cpp/samples/samples01/../../rt_manipulators_lib/include/hardware_communicator.hpp:18:10:[m[K [01;31m[Kfatal error: [m[Kdynamixel_sdk.h: No such file or directory
[0.244s]    18 | #include [01;31m[K<dynamixel_sdk.h>[m[K
[0.244s]       |          [01;31m[K^~~~~~~~~~~~~~~~~[m[K
[0.244s] compilation terminated.
[0.245s] gmake[2]: *** [CMakeFiles/x7_read_present_values.dir/build.make:76: CMakeFiles/x7_read_present_values.dir/src/x7_read_present_values.cpp.o] Error 1
[0.246s] In file included from [01m[K/root/ros2_ws/src/rt_manipulators_cpp/samples/samples01/../../rt_manipulators_lib/include/dynamixel_base.hpp:22[m[K,
[0.246s]                  from [01m[K/root/ros2_ws/src/rt_manipulators_cpp/samples/samples01/../../rt_manipulators_lib/include/joint.hpp:23[m[K,
[0.246s]                  from [01m[K/root/ros2_ws/src/rt_manipulators_cpp/samples/samples01/../../rt_manipulators_lib/include/hardware.hpp:25[m[K,
[0.246s]                  from [01m[K/root/ros2_ws/src/rt_manipulators_cpp/samples/samples01/src/x7_thread.cpp:20[m[K:
[0.246s] [01m[K/root/ros2_ws/src/rt_manipulators_cpp/samples/samples01/../../rt_manipulators_lib/include/hardware_communicator.hpp:18:10:[m[K [01;31m[Kfatal error: [m[Kdynamixel_sdk.h: No such file or directory
[0.246s]    18 | #include [01;31m[K<dynamixel_sdk.h>[m[K
[0.246s]       |          [01;31m[K^~~~~~~~~~~~~~~~~[m[K
[0.246s] compilation terminated.
[0.246s] gmake[1]: *** [CMakeFiles/Makefile2:371: CMakeFiles/x7_read_present_values.dir/all] Error 2
[0.247s] In file included from [01m[K/root/ros2_ws/src/rt_manipulators_cpp/samples/samples01/../../rt_manipulators_lib/include/dynamixel_base.hpp:22[m[K,
[0.247s]                  from [01m[K/root/ros2_ws/src/rt_manipulators_cpp/samples/samples01/../../rt_manipulators_lib/include/joint.hpp:23[m[K,
[0.247s]                  from [01m[K/root/ros2_ws/src/rt_manipulators_cpp/samples/samples01/../../rt_manipulators_lib/include/hardware.hpp:25[m[K,
[0.247s]                  from [01m[K/root/ros2_ws/src/rt_manipulators_cpp/samples/samples01/src/x7_write_position.cpp:20[m[K:
[0.247s] [01m[K/root/ros2_ws/src/rt_manipulators_cpp/samples/samples01/../../rt_manipulators_lib/include/hardware_communicator.hpp:18:10:[m[K [01;31m[Kfatal error: [m[Kdynamixel_sdk.h: No such file or directory
[0.247s]    18 | #include [01;31m[K<dynamixel_sdk.h>[m[K
[0.248s]       |          [01;31m[K^~~~~~~~~~~~~~~~~[m[K
[0.248s] compilation terminated.
[0.248s] gmake[2]: *** [CMakeFiles/x7_thread.dir/build.make:76: CMakeFiles/x7_thread.dir/src/x7_thread.cpp.o] Error 1
[0.248s] In file included from [01m[K/root/ros2_ws/src/rt_manipulators_cpp/samples/samples01/../../rt_manipulators_lib/include/dynamixel_base.hpp:22[m[K,
[0.248s]                  from [01m[K/root/ros2_ws/src/rt_manipulators_cpp/samples/samples01/../../rt_manipulators_lib/include/joint.hpp:23[m[K,
[0.249s]                  from [01m[K/root/ros2_ws/src/rt_manipulators_cpp/samples/samples01/../../rt_manipulators_lib/include/hardware.hpp:25[m[K,
[0.249s]                  from [01m[K/root/ros2_ws/src/rt_manipulators_cpp/samples/samples01/src/x7_write_velocity.cpp:20[m[K:
[0.249s] [01m[K/root/ros2_ws/src/rt_manipulators_cpp/samples/samples01/../../rt_manipulators_lib/include/hardware_communicator.hpp:18:10:[m[K [01;31m[Kfatal error: [m[Kdynamixel_sdk.h: No such file or directory
[0.249s]    18 | #include [01;31m[K<dynamixel_sdk.h>[m[K
[0.249s]       |          [01;31m[K^~~~~~~~~~~~~~~~~[m[K
[0.249s] gmake[1]: *** [CMakeFiles/Makefile2:319: CMakeFiles/x7_thread.dir/all] Error 2
[0.250s] compilation terminated.
[0.250s] gmake[2]: *** [CMakeFiles/x7_write_position.dir/build.make:76: CMakeFiles/x7_write_position.dir/src/x7_write_position.cpp.o] Error 1
[0.250s] gmake[1]: *** [CMakeFiles/Makefile2:267: CMakeFiles/x7_write_position.dir/all] Error 2
[0.251s] gmake[2]: *** [CMakeFiles/x7_write_velocity.dir/build.make:76: CMakeFiles/x7_write_velocity.dir/src/x7_write_velocity.cpp.o] Error 1
[0.251s] gmake[1]: *** [CMakeFiles/Makefile2:423: CMakeFiles/x7_write_velocity.dir/all] Error 2
[0.265s] In file included from [01m[K/root/ros2_ws/src/rt_manipulators_cpp/samples/samples01/../../rt_manipulators_lib/include/dynamixel_base.hpp:22[m[K,
[0.265s]                  from [01m[K/root/ros2_ws/src/rt_manipulators_cpp/samples/samples01/../../rt_manipulators_lib/include/joint.hpp:23[m[K,
[0.266s]                  from [01m[K/root/ros2_ws/src/rt_manipulators_cpp/samples/samples01/../../rt_manipulators_lib/include/hardware.hpp:25[m[K,
[0.266s]                  from [01m[K/root/ros2_ws/src/rt_manipulators_cpp/samples/samples01/src/s17_write_position.cpp:20[m[K:
[0.266s] [01m[K/root/ros2_ws/src/rt_manipulators_cpp/samples/samples01/../../rt_manipulators_lib/include/hardware_communicator.hpp:18:10:[m[K [01;31m[Kfatal error: [m[Kdynamixel_sdk.h: No such file or directory
[0.266s]    18 | #include [01;31m[K<dynamixel_sdk.h>[m[K
[0.266s]       |          [01;31m[K^~~~~~~~~~~~~~~~~[m[K
[0.266s] compilation terminated.
[0.266s] In file included from [01m[K/root/ros2_ws/src/rt_manipulators_cpp/samples/samples01/../../rt_manipulators_lib/include/dynamixel_base.hpp:22[m[K,
[0.266s]                  from [01m[K/root/ros2_ws/src/rt_manipulators_cpp/samples/samples01/../../rt_manipulators_lib/include/joint.hpp:23[m[K,
[0.266s]                  from [01m[K/root/ros2_ws/src/rt_manipulators_cpp/samples/samples01/../../rt_manipulators_lib/include/hardware.hpp:25[m[K,
[0.266s]                  from [01m[K/root/ros2_ws/src/rt_manipulators_cpp/samples/samples01/src/s17_thread.cpp:20[m[K:
[0.266s] [01m[K/root/ros2_ws/src/rt_manipulators_cpp/samples/samples01/../../rt_manipulators_lib/include/hardware_communicator.hpp:18:10:[m[K [01;31m[Kfatal error: [m[Kdynamixel_sdk.h: No such file or directory
[0.267s]    18 | #include [01;31m[K<dynamixel_sdk.h>[m[K
[0.267s]       |          [01;31m[K^~~~~~~~~~~~~~~~~[m[K
[0.267s] compilation terminated.
[0.268s] gmake[2]: *** [CMakeFiles/s17_thread.dir/build.make:76: CMakeFiles/s17_thread.dir/src/s17_thread.cpp.o] Error 1
[0.268s] gmake[2]: *** [CMakeFiles/s17_write_position.dir/build.make:76: CMakeFiles/s17_write_position.dir/src/s17_write_position.cpp.o] Error 1
[0.268s] gmake[1]: *** [CMakeFiles/Makefile2:345: CMakeFiles/s17_thread.dir/all] Error 2
[0.268s] gmake[1]: *** [CMakeFiles/Makefile2:293: CMakeFiles/s17_write_position.dir/all] Error 2
[0.271s] In file included from [01m[K/root/ros2_ws/src/rt_manipulators_cpp/samples/samples01/../../rt_manipulators_lib/include/dynamixel_base.hpp:22[m[K,
[0.271s]                  from [01m[K/root/ros2_ws/src/rt_manipulators_cpp/samples/samples01/../../rt_manipulators_lib/include/joint.hpp:23[m[K,
[0.272s]                  from [01m[K/root/ros2_ws/src/rt_manipulators_cpp/samples/samples01/../../rt_manipulators_lib/include/hardware.hpp:25[m[K,
[0.272s]                  from [01m[K/root/ros2_ws/src/rt_manipulators_cpp/samples/samples01/src/s17_write_velocity.cpp:20[m[K:
[0.272s] [01m[K/root/ros2_ws/src/rt_manipulators_cpp/samples/samples01/../../rt_manipulators_lib/include/hardware_communicator.hpp:18:10:[m[K [01;31m[Kfatal error: [m[Kdynamixel_sdk.h: No such file or directory
[0.272s]    18 | #include [01;31m[K<dynamixel_sdk.h>[m[K
[0.272s]       |          [01;31m[K^~~~~~~~~~~~~~~~~[m[K
[0.272s] compilation terminated.
[0.273s] gmake[2]: *** [CMakeFiles/s17_write_velocity.dir/build.make:76: CMakeFiles/s17_write_velocity.dir/src/s17_write_velocity.cpp.o] Error 1
[0.274s] gmake[1]: *** [CMakeFiles/Makefile2:449: CMakeFiles/s17_write_velocity.dir/all] Error 2
[0.274s] gmake: *** [Makefile:91: all] Error 2
[0.277s] Invoked command in '/root/ros2_ws/build/samples01' returned '2': CMAKE_PREFIX_PATH=/root/ros2_ws/install/dynamixel_sdk:/root/ros2_ws/install/sciurus17:/root/ros2_ws/install/sciurus17_examples:/root/ros2_ws/install/sciurus17_control:/root/ros2_ws/install/dynamixel_sdk_examples:/root/ros2_ws/install/sciurus17_vision:/root/ros2_ws/install/sciurus17_tools:/root/ros2_ws/install/sciurus17_moveit_config:/root/ros2_ws/install/sciurus17_gazebo:/root/ros2_ws/install/sciurus17_description:/root/ros2_ws/install/dynamixel_sdk_custom_interfaces LD_LIBRARY_PATH=/root/ros2_ws/install/rt_manipulators_cpp/lib:/root/ros2_ws/install/dynamixel_sdk/lib:/root/ros2_ws/install/sciurus17_examples/lib:/root/ros2_ws/install/sciurus17_control/lib:/root/ros2_ws/install/lib:/root/ros2_ws/install/dynamixel_sdk_custom_interfaces/lib:/root/ros2_ws/src/DynamixelSDK/c++/build/win64:/opt/ros/humble/opt/rviz_ogre_vendor/lib:/opt/ros/humble/lib/x86_64-linux-gnu:/opt/ros/humble/lib /usr/bin/cmake --build /root/ros2_ws/build/samples01 -- -j12 -l12
