[0.000000] (-) TimerEvent: {}
[0.001733] (-) JobUnselected: {'identifier': 'dynamixel_sdk'}
[0.001935] (-) JobUnselected: {'identifier': 'dynamixel_sdk_custom_interfaces'}
[0.002085] (-) JobUnselected: {'identifier': 'dynamixel_sdk_examples'}
[0.002242] (-) JobUnselected: {'identifier': 'rt_manipulators_cpp'}
[0.002432] (-) JobUnselected: {'identifier': 'samples01'}
[0.002577] (-) JobUnselected: {'identifier': 'samples03'}
[0.002710] (-) JobUnselected: {'identifier': 'sciurus17'}
[0.002851] (-) JobUnselected: {'identifier': 'sciurus17_control'}
[0.002993] (-) JobUnselected: {'identifier': 'sciurus17_description'}
[0.003185] (-) JobUnselected: {'identifier': 'sciurus17_examples'}
[0.003337] (-) JobUnselected: {'identifier': 'sciurus17_gazebo'}
[0.003437] (-) JobUnselected: {'identifier': 'sciurus17_moveit_config'}
[0.003584] (-) JobUnselected: {'identifier': 'sciurus17_tools'}
[0.003731] (-) JobUnselected: {'identifier': 'sciurus17_vision'}
[0.004713] (samples02) JobQueued: {'identifier': 'samples02', 'dependencies': OrderedDict([('dynamixel_sdk', '/root/ros2_ws/install/dynamixel_sdk'), ('rt_manipulators_cpp', '/root/ros2_ws/install/rt_manipulators_cpp')])}
[0.004982] (samples02) JobStarted: {'identifier': 'samples02'}
[0.048957] (samples02) JobProgress: {'identifier': 'samples02', 'progress': 'cmake'}
[0.053042] (samples02) JobProgress: {'identifier': 'samples02', 'progress': 'build'}
[0.056186] (samples02) Command: {'cmd': ['/usr/bin/cmake', '--build', '/root/ros2_ws/build/samples02', '--', '-j12', '-l12'], 'cwd': '/root/ros2_ws/build/samples02', 'env': OrderedDict([('LESSOPEN', '| /usr/bin/lesspipe %s'), ('HOSTNAME', 'LAPTOP-I1NP9048'), ('ROS_PACKAGE_PATH', '/root/ros2_ws/install/rt_manipulators_cpp/share'), ('GIT_ASKPASS', '/root/.vscode-server/bin/33fc5a94a3f99ebe7087e8fe79fbe1d37a251016/extensions/git/dist/askpass.sh'), ('SHLVL', '2'), ('LD_LIBRARY_PATH', '/root/ros2_ws/install/rt_manipulators_cpp/lib:/root/ros2_ws/install/dynamixel_sdk/lib:/root/ros2_ws/install/lib:/root/ros2_ws/install/dynamixel_sdk_custom_interfaces/lib:/root/ros2_ws/src/DynamixelSDK/c++/build/win64:/opt/ros/humble/opt/rviz_ogre_vendor/lib:/opt/ros/humble/lib/x86_64-linux-gnu:/opt/ros/humble/lib'), ('BROWSER', '/root/.vscode-server/bin/33fc5a94a3f99ebe7087e8fe79fbe1d37a251016/bin/helpers/browser.sh'), ('HOME', '/root'), ('OLDPWD', '/root/ros2_ws/src'), ('TERM_PROGRAM_VERSION', '1.97.0'), ('VSCODE_IPC_HOOK_CLI', '/tmp/vscode-ipc-8731435e-e108-41c3-8514-7ef50ada8194.sock'), ('ROS_PYTHON_VERSION', '3'), ('VSCODE_GIT_ASKPASS_MAIN', '/root/.vscode-server/bin/33fc5a94a3f99ebe7087e8fe79fbe1d37a251016/extensions/git/dist/askpass-main.js'), ('VSCODE_GIT_ASKPASS_NODE', '/root/.vscode-server/bin/33fc5a94a3f99ebe7087e8fe79fbe1d37a251016/node'), ('COLORTERM', 'truecolor'), ('REMOTE_CONTAINERS', 'true'), ('COLCON_PREFIX_PATH', '/root/ros2_ws/install'), ('ROS_DISTRO', 'humble'), ('REMOTE_CONTAINERS_IPC', '/tmp/vscode-remote-containers-ipc-9a2a30ac-5bf7-4c8f-bd9e-a8dbc2db1288.sock'), ('_', '/usr/bin/colcon'), ('ROS_VERSION', '2'), ('PKG_CONFIG_PATH', '/root/ros2_ws/install/rt_manipulators_cpp/lib/x86_64-linux-gnu/pkgconfig:/root/ros2_ws/install/rt_manipulators_cpp/lib/pkgconfig'), ('TERM', 'xterm-256color'), ('ROS_LOCALHOST_ONLY', '0'), ('QT_X11_NO_MITSHM', '1'), ('PATH', '/root/.vscode-server/bin/33fc5a94a3f99ebe7087e8fe79fbe1d37a251016/bin/remote-cli:/opt/ros/humble/bin:/usr/local/sbin:/usr/local/bin:/usr/sbin:/usr/bin:/sbin:/bin:/root/.vscode-server/data/User/globalStorage/github.copilot-chat/debugCommand'), ('REMOTE_CONTAINERS_SOCKETS', '["/root/.gnupg/S.gpg-agent"]'), ('DISPLAY', ':0.0'), ('LANG', 'en_US.UTF-8'), ('LS_COLORS', 'rs=0:di=01;34:ln=01;36:mh=00:pi=40;33:so=01;35:do=01;35:bd=40;33;01:cd=40;33;01:or=40;31;01:mi=00:su=37;41:sg=30;43:ca=30;41:tw=30;42:ow=34;42:st=37;44:ex=01;32:*.tar=01;31:*.tgz=01;31:*.arc=01;31:*.arj=01;31:*.taz=01;31:*.lha=01;31:*.lz4=01;31:*.lzh=01;31:*.lzma=01;31:*.tlz=01;31:*.txz=01;31:*.tzo=01;31:*.t7z=01;31:*.zip=01;31:*.z=01;31:*.dz=01;31:*.gz=01;31:*.lrz=01;31:*.lz=01;31:*.lzo=01;31:*.xz=01;31:*.zst=01;31:*.tzst=01;31:*.bz2=01;31:*.bz=01;31:*.tbz=01;31:*.tbz2=01;31:*.tz=01;31:*.deb=01;31:*.rpm=01;31:*.jar=01;31:*.war=01;31:*.ear=01;31:*.sar=01;31:*.rar=01;31:*.alz=01;31:*.ace=01;31:*.zoo=01;31:*.cpio=01;31:*.7z=01;31:*.rz=01;31:*.cab=01;31:*.wim=01;31:*.swm=01;31:*.dwm=01;31:*.esd=01;31:*.jpg=01;35:*.jpeg=01;35:*.mjpg=01;35:*.mjpeg=01;35:*.gif=01;35:*.bmp=01;35:*.pbm=01;35:*.pgm=01;35:*.ppm=01;35:*.tga=01;35:*.xbm=01;35:*.xpm=01;35:*.tif=01;35:*.tiff=01;35:*.png=01;35:*.svg=01;35:*.svgz=01;35:*.mng=01;35:*.pcx=01;35:*.mov=01;35:*.mpg=01;35:*.mpeg=01;35:*.m2v=01;35:*.mkv=01;35:*.webm=01;35:*.webp=01;35:*.ogm=01;35:*.mp4=01;35:*.m4v=01;35:*.mp4v=01;35:*.vob=01;35:*.qt=01;35:*.nuv=01;35:*.wmv=01;35:*.asf=01;35:*.rm=01;35:*.rmvb=01;35:*.flc=01;35:*.avi=01;35:*.fli=01;35:*.flv=01;35:*.gl=01;35:*.dl=01;35:*.xcf=01;35:*.xwd=01;35:*.yuv=01;35:*.cgm=01;35:*.emf=01;35:*.ogv=01;35:*.ogx=01;35:*.aac=00;36:*.au=00;36:*.flac=00;36:*.m4a=00;36:*.mid=00;36:*.midi=00;36:*.mka=00;36:*.mp3=00;36:*.mpc=00;36:*.ogg=00;36:*.ra=00;36:*.wav=00;36:*.oga=00;36:*.opus=00;36:*.spx=00;36:*.xspf=00;36:'), ('VSCODE_GIT_IPC_HANDLE', '/tmp/vscode-git-7ee6b12a41.sock'), ('TERM_PROGRAM', 'vscode'), ('AMENT_PREFIX_PATH', '/root/ros2_ws/install/sciurus17_vision:/root/ros2_ws/install/sciurus17_tools:/root/ros2_ws/install/sciurus17_moveit_config:/root/ros2_ws/install/sciurus17_gazebo:/root/ros2_ws/install/sciurus17_description:/root/ros2_ws/install/dynamixel_sdk_custom_interfaces:/root/ros2_ws/install/dynamixel_sdk:/opt/ros/humble'), ('DEBIAN_FRONTEND', 'noninteractive'), ('SHELL', '/bin/bash'), ('LESSCLOSE', '/usr/bin/lesspipe %s %s'), ('VSCODE_GIT_ASKPASS_EXTRA_ARGS', ''), ('PWD', '/root/ros2_ws/build/samples02'), ('LC_ALL', 'en_US.UTF-8'), ('PYTHONPATH', '/root/ros2_ws/install/sciurus17_description/local/lib/python3.10/dist-packages:/root/ros2_ws/install/dynamixel_sdk_custom_interfaces/local/lib/python3.10/dist-packages:/opt/ros/humble/lib/python3.10/site-packages:/opt/ros/humble/local/lib/python3.10/dist-packages:/opt/ros/humble/lib/python3.10/site-packages:/opt/ros/humble/lib/python3.10/site-packages:'), ('COLCON', '1'), ('CMAKE_PREFIX_PATH', '/root/ros2_ws/install/dynamixel_sdk:/root/ros2_ws/install/sciurus17_vision:/root/ros2_ws/install/sciurus17_tools:/root/ros2_ws/install/sciurus17_moveit_config:/root/ros2_ws/install/sciurus17_gazebo:/root/ros2_ws/install/sciurus17_description:/root/ros2_ws/install/dynamixel_sdk_custom_interfaces')]), 'shell': False}
[0.098620] (-) TimerEvent: {}
[0.182156] (samples02) StdoutLine: {'line': b'\x1b[35m\x1b[1mConsolidate compiler generated dependencies of target s17_forward_kinematics\x1b[0m\n'}
[0.182612] (samples02) StdoutLine: {'line': b'\x1b[35m\x1b[1mConsolidate compiler generated dependencies of target x7_forward_kinematics\x1b[0m\n'}
[0.183044] (samples02) StdoutLine: {'line': b'\x1b[35m\x1b[1mConsolidate compiler generated dependencies of target x7_inverse_kinematics\x1b[0m\n'}
[0.183778] (samples02) StdoutLine: {'line': b'\x1b[35m\x1b[1mConsolidate compiler generated dependencies of target s17_inverse_kinematics\x1b[0m\n'}
[0.198812] (-) TimerEvent: {}
[0.233379] (samples02) StdoutLine: {'line': b'[ 37%] \x1b[32m\x1b[1mLinking CXX executable /root/ros2_ws/src/rt_manipulators_cpp/samples/samples02/bin/x7_forward_kinematics\x1b[0m\n'}
[0.233901] (samples02) StdoutLine: {'line': b'[ 50%] \x1b[32m\x1b[1mLinking CXX executable /root/ros2_ws/src/rt_manipulators_cpp/samples/samples02/bin/s17_inverse_kinematics\x1b[0m\n'}
[0.234246] (samples02) StdoutLine: {'line': b'[ 50%] \x1b[32m\x1b[1mLinking CXX executable /root/ros2_ws/src/rt_manipulators_cpp/samples/samples02/bin/s17_forward_kinematics\x1b[0m\n'}
[0.234590] (samples02) StdoutLine: {'line': b'[ 50%] \x1b[32m\x1b[1mLinking CXX executable /root/ros2_ws/src/rt_manipulators_cpp/samples/samples02/bin/x7_inverse_kinematics\x1b[0m\n'}
[0.274328] (samples02) StderrLine: {'line': b'/usr/bin/ld/usr/bin/ld/usr/bin/ld: cannot find : cannot find : cannot find -lrt_manipulators_cpp-lrt_manipulators_cpp-lrt_manipulators_cpp: : : No such file or directory\n'}
[0.275052] (samples02) StderrLine: {'line': b'No such file or directoryNo such file or directory\n'}
[0.275458] (samples02) StderrLine: {'line': b'\n'}
[0.279071] (samples02) StderrLine: {'line': b'/usr/bin/ld: cannot find -lrt_manipulators_cpp: No such file or directory\n'}
[0.299050] (-) TimerEvent: {}
[0.327935] (samples02) StderrLine: {'line': b'collect2: error: ld returned 1 exit status\n'}
[0.328456] (samples02) StderrLine: {'line': b'collect2: error: ld returned 1 exit status\n'}
[0.329007] (samples02) StderrLine: {'line': b'collect2: error: ld returned 1 exit status\n'}
[0.331966] (samples02) StderrLine: {'line': b'gmake[2]: *** [CMakeFiles/x7_inverse_kinematics.dir/build.make:97: /root/ros2_ws/src/rt_manipulators_cpp/samples/samples02/bin/x7_inverse_kinematics] Error 1\n'}
[0.332853] (samples02) StderrLine: {'line': b'gmake[2]: *** [CMakeFiles/x7_forward_kinematics.dir/build.make:97: /root/ros2_ws/src/rt_manipulators_cpp/samples/samples02/bin/x7_forward_kinematics] Error 1\n'}
[0.333326] (samples02) StderrLine: {'line': b'gmake[1]: *** [CMakeFiles/Makefile2:195: CMakeFiles/x7_inverse_kinematics.dir/all] Error 2\n'}
[0.333544] (samples02) StderrLine: {'line': b'gmake[1]: *** Waiting for unfinished jobs....\n'}
[0.333700] (samples02) StderrLine: {'line': b'gmake[1]: *** [CMakeFiles/Makefile2:143: CMakeFiles/x7_forward_kinematics.dir/all] Error 2\n'}
[0.333901] (samples02) StderrLine: {'line': b'gmake[2]: *** [CMakeFiles/s17_forward_kinematics.dir/build.make:97: /root/ros2_ws/src/rt_manipulators_cpp/samples/samples02/bin/s17_forward_kinematics] Error 1\n'}
[0.334181] (samples02) StderrLine: {'line': b'gmake[1]: *** [CMakeFiles/Makefile2:169: CMakeFiles/s17_forward_kinematics.dir/all] Error 2\n'}
[0.336909] (samples02) StderrLine: {'line': b'collect2: error: ld returned 1 exit status\n'}
[0.340822] (samples02) StderrLine: {'line': b'gmake[2]: *** [CMakeFiles/s17_inverse_kinematics.dir/build.make:97: /root/ros2_ws/src/rt_manipulators_cpp/samples/samples02/bin/s17_inverse_kinematics] Error 1\n'}
[0.341395] (samples02) StderrLine: {'line': b'gmake[1]: *** [CMakeFiles/Makefile2:221: CMakeFiles/s17_inverse_kinematics.dir/all] Error 2\n'}
[0.341933] (samples02) StderrLine: {'line': b'gmake: *** [Makefile:91: all] Error 2\n'}
[0.347022] (samples02) CommandEnded: {'returncode': 2}
[0.347891] (samples02) JobEnded: {'identifier': 'samples02', 'rc': 2}
[0.358716] (-) EventReactorShutdown: {}
