[0.043s] Invoking command in '/root/ros2_ws/build/samples01': CMAKE_PREFIX_PATH=/root/ros2_ws/install/dynamixel_sdk:/root/ros2_ws/install/sciurus17_vision:/root/ros2_ws/install/sciurus17_tools:/root/ros2_ws/install/sciurus17_moveit_config:/root/ros2_ws/install/sciurus17_gazebo:/root/ros2_ws/install/sciurus17_description:/root/ros2_ws/install/dynamixel_sdk_custom_interfaces LD_LIBRARY_PATH=/root/ros2_ws/install/rt_manipulators_cpp/lib:/root/ros2_ws/install/dynamixel_sdk/lib:/root/ros2_ws/install/lib:/root/ros2_ws/install/dynamixel_sdk_custom_interfaces/lib:/root/ros2_ws/src/DynamixelSDK/c++/build/win64:/opt/ros/humble/opt/rviz_ogre_vendor/lib:/opt/ros/humble/lib/x86_64-linux-gnu:/opt/ros/humble/lib /usr/bin/cmake /root/ros2_ws/src/rt_manipulators_cpp/samples/samples01 -DCMAKE_INSTALL_PREFIX=/root/ros2_ws/install/samples01
[0.128s] -- The C compiler identification is GNU 11.4.0
[0.205s] -- The CXX compiler identification is GNU 11.4.0
[0.216s] -- Detecting C compiler ABI info
[0.304s] -- Detecting C compiler ABI info - done
[0.315s] -- Check for working C compiler: /usr/bin/cc - skipped
[0.315s] -- Detecting C compile features
[0.316s] -- Detecting C compile features - done
[0.319s] -- Detecting CXX compiler ABI info
[0.436s] -- Detecting CXX compiler ABI info - done
[0.444s] -- Check for working CXX compiler: /usr/bin/c++ - skipped
[0.445s] -- Detecting CXX compile features
[0.445s] -- Detecting CXX compile features - done
[0.451s] -- Found rt_manipulators_cpp: 1.0.0 (/opt/ros/humble/share/rt_manipulators_cpp/cmake)
[0.681s] -- Found Python3: /usr/bin/python3 (found version "3.10.12") found components: Interpreter 
[0.819s] [0mx7_onoff[0m
[0.819s] [0ms17_onoff[0m
[0.820s] [0mx7_read_position[0m
[0.820s] [0ms17_read_position[0m
[0.820s] [0mx7_write_position[0m
[0.821s] [0ms17_write_position[0m
[0.821s] [0mx7_thread[0m
[0.821s] [0ms17_thread[0m
[0.821s] [0mx7_read_present_values[0m
[0.821s] [0ms17_read_present_values[0m
[0.822s] [0mx7_write_velocity[0m
[0.822s] [0ms17_write_velocity[0m
[0.822s] [0mx7_write_current[0m
[0.822s] [0ms17_write_current[0m
[0.822s] -- Configuring done
[0.856s] -- Generating done
[0.869s] -- Build files have been written to: /root/ros2_ws/build/samples01
[0.878s] Invoked command in '/root/ros2_ws/build/samples01' returned '0': CMAKE_PREFIX_PATH=/root/ros2_ws/install/dynamixel_sdk:/root/ros2_ws/install/sciurus17_vision:/root/ros2_ws/install/sciurus17_tools:/root/ros2_ws/install/sciurus17_moveit_config:/root/ros2_ws/install/sciurus17_gazebo:/root/ros2_ws/install/sciurus17_description:/root/ros2_ws/install/dynamixel_sdk_custom_interfaces LD_LIBRARY_PATH=/root/ros2_ws/install/rt_manipulators_cpp/lib:/root/ros2_ws/install/dynamixel_sdk/lib:/root/ros2_ws/install/lib:/root/ros2_ws/install/dynamixel_sdk_custom_interfaces/lib:/root/ros2_ws/src/DynamixelSDK/c++/build/win64:/opt/ros/humble/opt/rviz_ogre_vendor/lib:/opt/ros/humble/lib/x86_64-linux-gnu:/opt/ros/humble/lib /usr/bin/cmake /root/ros2_ws/src/rt_manipulators_cpp/samples/samples01 -DCMAKE_INSTALL_PREFIX=/root/ros2_ws/install/samples01
[0.881s] Invoking command in '/root/ros2_ws/build/samples01': CMAKE_PREFIX_PATH=/root/ros2_ws/install/dynamixel_sdk:/root/ros2_ws/install/sciurus17_vision:/root/ros2_ws/install/sciurus17_tools:/root/ros2_ws/install/sciurus17_moveit_config:/root/ros2_ws/install/sciurus17_gazebo:/root/ros2_ws/install/sciurus17_description:/root/ros2_ws/install/dynamixel_sdk_custom_interfaces LD_LIBRARY_PATH=/root/ros2_ws/install/rt_manipulators_cpp/lib:/root/ros2_ws/install/dynamixel_sdk/lib:/root/ros2_ws/install/lib:/root/ros2_ws/install/dynamixel_sdk_custom_interfaces/lib:/root/ros2_ws/src/DynamixelSDK/c++/build/win64:/opt/ros/humble/opt/rviz_ogre_vendor/lib:/opt/ros/humble/lib/x86_64-linux-gnu:/opt/ros/humble/lib /usr/bin/cmake --build /root/ros2_ws/build/samples01 -- -j12 -l12
[0.964s] [  3%] [32mBuilding CXX object CMakeFiles/x7_onoff.dir/src/x7_onoff.cpp.o[0m
[0.982s] [  7%] [32mBuilding CXX object CMakeFiles/x7_read_position.dir/src/x7_read_position.cpp.o[0m
[0.989s] [ 10%] [32mBuilding CXX object CMakeFiles/x7_write_position.dir/src/x7_write_position.cpp.o[0m
[0.996s] [ 14%] [32mBuilding CXX object CMakeFiles/s17_read_position.dir/src/s17_read_position.cpp.o[0m
[1.007s] [ 17%] [32mBuilding CXX object CMakeFiles/x7_thread.dir/src/x7_thread.cpp.o[0m
[1.014s] [ 21%] [32mBuilding CXX object CMakeFiles/s17_onoff.dir/src/s17_onoff.cpp.o[0m
[1.031s] [ 25%] [32mBuilding CXX object CMakeFiles/s17_write_position.dir/src/s17_write_position.cpp.o[0m
[1.046s] [ 28%] [32mBuilding CXX object CMakeFiles/s17_thread.dir/src/s17_thread.cpp.o[0m
[1.061s] [ 32%] [32mBuilding CXX object CMakeFiles/s17_read_present_values.dir/src/s17_read_present_values.cpp.o[0m
[1.078s] [ 35%] [32mBuilding CXX object CMakeFiles/x7_read_present_values.dir/src/x7_read_present_values.cpp.o[0m
[1.195s] In file included from [01m[K/root/ros2_ws/src/rt_manipulators_cpp/samples/samples01/../../rt_manipulators_lib/include/dynamixel_base.hpp:22[m[K,
[1.195s]                  from [01m[K/root/ros2_ws/src/rt_manipulators_cpp/samples/samples01/../../rt_manipulators_lib/include/joint.hpp:23[m[K,
[1.195s]                  from [01m[K/root/ros2_ws/src/rt_manipulators_cpp/samples/samples01/../../rt_manipulators_lib/include/hardware.hpp:25[m[K,
[1.195s]                  from [01m[K/root/ros2_ws/src/rt_manipulators_cpp/samples/samples01/src/x7_onoff.cpp:18[m[K:
[1.196s] [01m[K/root/ros2_ws/src/rt_manipulators_cpp/samples/samples01/../../rt_manipulators_lib/include/hardware_communicator.hpp:18:10:[m[K [01;31m[Kfatal error: [m[Kdynamixel_sdk.h: No such file or directory
[1.196s]    18 | #include [01;31m[K<dynamixel_sdk.h>[m[K
[1.196s]       |          [01;31m[K^~~~~~~~~~~~~~~~~[m[K
[1.196s] compilation terminated.
[1.206s] gmake[2]: *** [CMakeFiles/x7_onoff.dir/build.make:76: CMakeFiles/x7_onoff.dir/src/x7_onoff.cpp.o] Error 1
[1.207s] gmake[1]: *** [CMakeFiles/Makefile2:163: CMakeFiles/x7_onoff.dir/all] Error 2
[1.207s] gmake[1]: *** Waiting for unfinished jobs....
[1.218s] [ 42%] [32mBuilding CXX object CMakeFiles/s17_write_velocity.dir/src/s17_write_velocity.cpp.o[0m
[1.220s] [ 42%] [32mBuilding CXX object CMakeFiles/x7_write_velocity.dir/src/x7_write_velocity.cpp.o[0m
[1.242s] In file included from [01m[K/root/ros2_ws/src/rt_manipulators_cpp/samples/samples01/../../rt_manipulators_lib/include/dynamixel_base.hpp:22[m[K,
[1.243s]                  from [01m[K/root/ros2_ws/src/rt_manipulators_cpp/samples/samples01/../../rt_manipulators_lib/include/joint.hpp:23[m[K,
[1.243s]                  from [01m[K/root/ros2_ws/src/rt_manipulators_cpp/samples/samples01/../../rt_manipulators_lib/include/hardware.hpp:25[m[K,
[1.243s]                  from [01m[K/root/ros2_ws/src/rt_manipulators_cpp/samples/samples01/src/x7_read_position.cpp:19[m[K:
[1.243s] [01m[K/root/ros2_ws/src/rt_manipulators_cpp/samples/samples01/../../rt_manipulators_lib/include/hardware_communicator.hpp:18:10:[m[K [01;31m[Kfatal error: [m[Kdynamixel_sdk.h: No such file or directory
[1.243s]    18 | #include [01;31m[K<dynamixel_sdk.h>[m[K
[1.243s]       |          [01;31m[K^~~~~~~~~~~~~~~~~[m[K
[1.244s] compilation terminated.
[1.244s] In file included from [01m[K/root/ros2_ws/src/rt_manipulators_cpp/samples/samples01/../../rt_manipulators_lib/include/dynamixel_base.hpp:22[m[K,
[1.244s]                  from [01m[K/root/ros2_ws/src/rt_manipulators_cpp/samples/samples01/../../rt_manipulators_lib/include/joint.hpp:23[m[K,
[1.244s]                  from [01m[K/root/ros2_ws/src/rt_manipulators_cpp/samples/samples01/../../rt_manipulators_lib/include/hardware.hpp:25[m[K,
[1.245s]                  from [01m[K/root/ros2_ws/src/rt_manipulators_cpp/samples/samples01/src/s17_write_position.cpp:20[m[K:
[1.245s] [01m[K/root/ros2_ws/src/rt_manipulators_cpp/samples/samples01/../../rt_manipulators_lib/include/hardware_communicator.hpp:18:10:[m[K [01;31m[Kfatal error: [m[Kdynamixel_sdk.h: No such file or directory
[1.245s]    18 | #include [01;31m[K<dynamixel_sdk.h>[m[K
[1.245s]       |          [01;31m[K^~~~~~~~~~~~~~~~~[m[K
[1.245s] compilation terminated.
[1.248s] gmake[2]: *** [CMakeFiles/s17_write_position.dir/build.make:76: CMakeFiles/s17_write_position.dir/src/s17_write_position.cpp.o] Error 1
[1.248s] gmake[1]: *** [CMakeFiles/Makefile2:293: CMakeFiles/s17_write_position.dir/all] Error 2
[1.251s] gmake[2]: *** [CMakeFiles/x7_read_position.dir/build.make:76: CMakeFiles/x7_read_position.dir/src/x7_read_position.cpp.o] Error 1
[1.251s] gmake[1]: *** [CMakeFiles/Makefile2:215: CMakeFiles/x7_read_position.dir/all] Error 2
[1.258s] In file included from [01m[K/root/ros2_ws/src/rt_manipulators_cpp/samples/samples01/../../rt_manipulators_lib/include/dynamixel_base.hpp:22[m[K,
[1.259s]                  from [01m[K/root/ros2_ws/src/rt_manipulators_cpp/samples/samples01/../../rt_manipulators_lib/include/joint.hpp:23[m[K,
[1.259s]                  from [01m[K/root/ros2_ws/src/rt_manipulators_cpp/samples/samples01/../../rt_manipulators_lib/include/hardware.hpp:25[m[K,
[1.259s]                  from [01m[K/root/ros2_ws/src/rt_manipulators_cpp/samples/samples01/src/s17_read_present_values.cpp:19[m[K:
[1.259s] [01m[K/root/ros2_ws/src/rt_manipulators_cpp/samples/samples01/../../rt_manipulators_lib/include/hardware_communicator.hpp:18:10:[m[K [01;31m[Kfatal error: [m[Kdynamixel_sdk.h: No such file or directory
[1.259s]    18 | #include [01;31m[K<dynamixel_sdk.h>[m[K
[1.259s]       |          [01;31m[K^~~~~~~~~~~~~~~~~[m[K
[1.259s] compilation terminated.
[1.261s] gmake[2]: *** [CMakeFiles/s17_read_present_values.dir/build.make:76: CMakeFiles/s17_read_present_values.dir/src/s17_read_present_values.cpp.o] Error 1
[1.261s] gmake[1]: *** [CMakeFiles/Makefile2:397: CMakeFiles/s17_read_present_values.dir/all] Error 2
[1.265s] In file included from [01m[K/root/ros2_ws/src/rt_manipulators_cpp/samples/samples01/../../rt_manipulators_lib/include/dynamixel_base.hpp:22[m[K,
[1.265s]                  from [01m[K/root/ros2_ws/src/rt_manipulators_cpp/samples/samples01/../../rt_manipulators_lib/include/joint.hpp:23[m[K,
[1.265s]                  from [01m[K/root/ros2_ws/src/rt_manipulators_cpp/samples/samples01/../../rt_manipulators_lib/include/hardware.hpp:25[m[K,
[1.266s]                  from [01m[K/root/ros2_ws/src/rt_manipulators_cpp/samples/samples01/src/x7_thread.cpp:20[m[K:
[1.266s] [01m[K/root/ros2_ws/src/rt_manipulators_cpp/samples/samples01/../../rt_manipulators_lib/include/hardware_communicator.hpp:18:10:[m[K [01;31m[Kfatal error: [m[Kdynamixel_sdk.h: No such file or directory
[1.266s]    18 | #include [01;31m[K<dynamixel_sdk.h>[m[K
[1.266s]       |          [01;31m[K^~~~~~~~~~~~~~~~~[m[K
[1.266s] compilation terminated.
[1.273s] gmake[2]: *** [CMakeFiles/x7_thread.dir/build.make:76: CMakeFiles/x7_thread.dir/src/x7_thread.cpp.o] Error 1
[1.273s] gmake[1]: *** [CMakeFiles/Makefile2:319: CMakeFiles/x7_thread.dir/all] Error 2
[1.275s] In file included from [01m[K/root/ros2_ws/src/rt_manipulators_cpp/samples/samples01/../../rt_manipulators_lib/include/dynamixel_base.hpp:22[m[K,
[1.278s]                  from [01m[K/root/ros2_ws/src/rt_manipulators_cpp/samples/samples01/../../rt_manipulators_lib/include/joint.hpp:23[m[K,
[1.278s]                  from [01m[K/root/ros2_ws/src/rt_manipulators_cpp/samples/samples01/../../rt_manipulators_lib/include/hardware.hpp:25[m[K,
[1.279s]                  from [01m[K/root/ros2_ws/src/rt_manipulators_cpp/samples/samples01/src/s17_read_position.cpp:19[m[K:
[1.279s] [01m[K/root/ros2_ws/src/rt_manipulators_cpp/samples/samples01/../../rt_manipulators_lib/include/hardware_communicator.hpp:18:10:[m[K [01;31m[Kfatal error: [m[Kdynamixel_sdk.h: No such file or directory
[1.279s]    18 | #include [01;31m[K<dynamixel_sdk.h>[m[K
[1.279s]       |          [01;31m[K^~~~~~~~~~~~~~~~~[m[K
[1.279s] compilation terminated.
[1.279s] gmake[2]: *** [CMakeFiles/s17_read_position.dir/build.make:76: CMakeFiles/s17_read_position.dir/src/s17_read_position.cpp.o] Error 1
[1.279s] gmake[1]: *** [CMakeFiles/Makefile2:241: CMakeFiles/s17_read_position.dir/all] Error 2
[1.279s] In file included from [01m[K/root/ros2_ws/src/rt_manipulators_cpp/samples/samples01/../../rt_manipulators_lib/include/dynamixel_base.hpp:22[m[K,
[1.279s]                  from [01m[K/root/ros2_ws/src/rt_manipulators_cpp/samples/samples01/../../rt_manipulators_lib/include/joint.hpp:23[m[K,
[1.280s]                  from [01m[K/root/ros2_ws/src/rt_manipulators_cpp/samples/samples01/../../rt_manipulators_lib/include/hardware.hpp:25[m[K,
[1.280s]                  from [01m[K/root/ros2_ws/src/rt_manipulators_cpp/samples/samples01/src/s17_onoff.cpp:18[m[K:
[1.280s] [01m[K/root/ros2_ws/src/rt_manipulators_cpp/samples/samples01/../../rt_manipulators_lib/include/hardware_communicator.hpp:18:10:[m[K [01;31m[Kfatal error: [m[Kdynamixel_sdk.h: No such file or directory
[1.280s]    18 | #include [01;31m[K<dynamixel_sdk.h>[m[K
[1.280s]       |          [01;31m[K^~~~~~~~~~~~~~~~~[m[K
[1.285s] compilation terminated.
[1.289s] gmake[2]: *** [CMakeFiles/s17_onoff.dir/build.make:76: CMakeFiles/s17_onoff.dir/src/s17_onoff.cpp.o] Error 1
[1.289s] gmake[1]: *** [CMakeFiles/Makefile2:189: CMakeFiles/s17_onoff.dir/all] Error 2
[1.335s] In file included from [01m[K/root/ros2_ws/src/rt_manipulators_cpp/samples/samples01/../../rt_manipulators_lib/include/dynamixel_base.hpp:22[m[K,
[1.335s]                  from [01m[K/root/ros2_ws/src/rt_manipulators_cpp/samples/samples01/../../rt_manipulators_lib/include/joint.hpp:23[m[K,
[1.335s]                  from [01m[K/root/ros2_ws/src/rt_manipulators_cpp/samples/samples01/../../rt_manipulators_lib/include/hardware.hpp:25[m[K,
[1.335s]                  from [01m[K/root/ros2_ws/src/rt_manipulators_cpp/samples/samples01/src/x7_write_position.cpp:20[m[K:
[1.335s] [01m[K/root/ros2_ws/src/rt_manipulators_cpp/samples/samples01/../../rt_manipulators_lib/include/hardware_communicator.hpp:18:10:[m[K [01;31m[Kfatal error: [m[Kdynamixel_sdk.h: No such file or directory
[1.335s]    18 | #include [01;31m[K<dynamixel_sdk.h>[m[K
[1.335s]       |          [01;31m[K^~~~~~~~~~~~~~~~~[m[K
[1.335s] compilation terminated.
[1.340s] gmake[2]: *** [CMakeFiles/x7_write_position.dir/build.make:76: CMakeFiles/x7_write_position.dir/src/x7_write_position.cpp.o] Error 1
[1.340s] gmake[1]: *** [CMakeFiles/Makefile2:267: CMakeFiles/x7_write_position.dir/all] Error 2
[1.348s] In file included from [01m[K/root/ros2_ws/src/rt_manipulators_cpp/samples/samples01/../../rt_manipulators_lib/include/dynamixel_base.hpp:22[m[K,
[1.348s]                  from [01m[K/root/ros2_ws/src/rt_manipulators_cpp/samples/samples01/../../rt_manipulators_lib/include/joint.hpp:23[m[K,
[1.348s]                  from [01m[K/root/ros2_ws/src/rt_manipulators_cpp/samples/samples01/../../rt_manipulators_lib/include/hardware.hpp:25[m[K,
[1.348s]                  from [01m[K/root/ros2_ws/src/rt_manipulators_cpp/samples/samples01/src/x7_read_present_values.cpp:19[m[K:
[1.348s] [01m[K/root/ros2_ws/src/rt_manipulators_cpp/samples/samples01/../../rt_manipulators_lib/include/hardware_communicator.hpp:18:10:[m[K [01;31m[Kfatal error: [m[Kdynamixel_sdk.h: No such file or directory
[1.348s]    18 | #include [01;31m[K<dynamixel_sdk.h>[m[K
[1.349s]       |          [01;31m[K^~~~~~~~~~~~~~~~~[m[K
[1.349s] compilation terminated.
[1.351s] gmake[2]: *** [CMakeFiles/x7_read_present_values.dir/build.make:76: CMakeFiles/x7_read_present_values.dir/src/x7_read_present_values.cpp.o] Error 1
[1.352s] gmake[1]: *** [CMakeFiles/Makefile2:371: CMakeFiles/x7_read_present_values.dir/all] Error 2
[1.357s] In file included from [01m[K/root/ros2_ws/src/rt_manipulators_cpp/samples/samples01/../../rt_manipulators_lib/include/dynamixel_base.hpp:22[m[K,
[1.358s]                  from [01m[K/root/ros2_ws/src/rt_manipulators_cpp/samples/samples01/../../rt_manipulators_lib/include/joint.hpp:23[m[K,
[1.358s]                  from [01m[K/root/ros2_ws/src/rt_manipulators_cpp/samples/samples01/../../rt_manipulators_lib/include/hardware.hpp:25[m[K,
[1.358s]                  from [01m[K/root/ros2_ws/src/rt_manipulators_cpp/samples/samples01/src/s17_thread.cpp:20[m[K:
[1.358s] [01m[K/root/ros2_ws/src/rt_manipulators_cpp/samples/samples01/../../rt_manipulators_lib/include/hardware_communicator.hpp:18:10:[m[K [01;31m[Kfatal error: [m[Kdynamixel_sdk.h: No such file or directory
[1.358s]    18 | #include [01;31m[K<dynamixel_sdk.h>[m[K
[1.358s]       |          [01;31m[K^~~~~~~~~~~~~~~~~[m[K
[1.358s] compilation terminated.
[1.363s] gmake[2]: *** [CMakeFiles/s17_thread.dir/build.make:76: CMakeFiles/s17_thread.dir/src/s17_thread.cpp.o] Error 1
[1.363s] In file included from [01m[K/root/ros2_ws/src/rt_manipulators_cpp/samples/samples01/../../rt_manipulators_lib/include/dynamixel_base.hpp:22[m[K,
[1.363s]                  from [01m[K/root/ros2_ws/src/rt_manipulators_cpp/samples/samples01/../../rt_manipulators_lib/include/joint.hpp:23[m[K,
[1.363s]                  from [01m[K/root/ros2_ws/src/rt_manipulators_cpp/samples/samples01/../../rt_manipulators_lib/include/hardware.hpp:25[m[K,
[1.364s]                  from [01m[K/root/ros2_ws/src/rt_manipulators_cpp/samples/samples01/src/s17_write_velocity.cpp:20[m[K:
[1.364s] [01m[K/root/ros2_ws/src/rt_manipulators_cpp/samples/samples01/../../rt_manipulators_lib/include/hardware_communicator.hpp:18:10:[m[K [01;31m[Kfatal error: [m[Kdynamixel_sdk.h: No such file or directory
[1.364s]    18 | #include [01;31m[K<dynamixel_sdk.h>[m[K
[1.364s]       |          [01;31m[K^~~~~~~~~~~~~~~~~[m[K
[1.364s] compilation terminated.
[1.364s] gmake[1]: *** [CMakeFiles/Makefile2:345: CMakeFiles/s17_thread.dir/all] Error 2
[1.366s] gmake[2]: *** [CMakeFiles/s17_write_velocity.dir/build.make:76: CMakeFiles/s17_write_velocity.dir/src/s17_write_velocity.cpp.o] Error 1
[1.366s] gmake[1]: *** [CMakeFiles/Makefile2:449: CMakeFiles/s17_write_velocity.dir/all] Error 2
[1.396s] In file included from [01m[K/root/ros2_ws/src/rt_manipulators_cpp/samples/samples01/../../rt_manipulators_lib/include/dynamixel_base.hpp:22[m[K,
[1.396s]                  from [01m[K/root/ros2_ws/src/rt_manipulators_cpp/samples/samples01/../../rt_manipulators_lib/include/joint.hpp:23[m[K,
[1.396s]                  from [01m[K/root/ros2_ws/src/rt_manipulators_cpp/samples/samples01/../../rt_manipulators_lib/include/hardware.hpp:25[m[K,
[1.396s]                  from [01m[K/root/ros2_ws/src/rt_manipulators_cpp/samples/samples01/src/x7_write_velocity.cpp:20[m[K:
[1.397s] [01m[K/root/ros2_ws/src/rt_manipulators_cpp/samples/samples01/../../rt_manipulators_lib/include/hardware_communicator.hpp:18:10:[m[K [01;31m[Kfatal error: [m[Kdynamixel_sdk.h: No such file or directory
[1.397s]    18 | #include [01;31m[K<dynamixel_sdk.h>[m[K
[1.397s]       |          [01;31m[K^~~~~~~~~~~~~~~~~[m[K
[1.397s] compilation terminated.
[1.400s] gmake[2]: *** [CMakeFiles/x7_write_velocity.dir/build.make:76: CMakeFiles/x7_write_velocity.dir/src/x7_write_velocity.cpp.o] Error 1
[1.400s] gmake[1]: *** [CMakeFiles/Makefile2:423: CMakeFiles/x7_write_velocity.dir/all] Error 2
[1.401s] gmake: *** [Makefile:91: all] Error 2
